nohup: ignoring input
Initializing Experiment | Mode: federated | Scenario: IID | Device: cuda
Train: 17,511  Val: 4,237  Test: 3,914
Built 4 S2 clients, 4 S1 clients
[FedCMFSL_IID_1shot] Round   1/100  loss=2.1083  S2=     skip  S1=     skip  best=0.00%  no_improve= 0  (145s)
[FedCMFSL_IID_1shot] Round   2/100  loss=1.8483  S2=     skip  S1=     skip  best=0.00%  no_improve= 0  (127s)
[FedCMFSL_IID_1shot] Round   3/100  loss=1.7235  S2=     skip  S1=     skip  best=0.00%  no_improve= 0  (122s)
[FedCMFSL_IID_1shot] Round   4/100  loss=1.7033  S2=     skip  S1=     skip  best=0.00%  no_improve= 0  (120s)
[FedCMFSL_IID_1shot] Round   5/100  loss=1.6512  S2=     skip  S1=     skip  best=0.00%  no_improve= 0  (120s)
[FedCMFSL_IID_1shot] Round   6/100  loss=1.6267  S2=     skip  S1=     skip  best=0.00%  no_improve= 0  (118s)
[FedCMFSL_IID_1shot] Round   7/100  loss=1.6148  S2=     skip  S1=     skip  best=0.00%  no_improve= 0  (120s)
[FedCMFSL_IID_1shot] Round   8/100  loss=1.6043  S2=     skip  S1=     skip  best=0.00%  no_improve= 0  (121s)
[FedCMFSL_IID_1shot] Round   9/100  loss=1.6234  S2=     skip  S1=     skip  best=0.00%  no_improve= 0  (119s)
[FedCMFSL_IID_1shot] Round  10/100  loss=1.6075  S2=   43.87%  S1=   42.30%  best=43.08%  no_improve= 0  (118s)
[FedCMFSL_IID_1shot] Round  11/100  loss=1.6115  S2=     skip  S1=     skip  best=43.08%  no_improve= 0  (121s)
[FedCMFSL_IID_1shot] Round  12/100  loss=1.6144  S2=     skip  S1=     skip  best=43.08%  no_improve= 0  (117s)
[FedCMFSL_IID_1shot] Round  13/100  loss=1.5867  S2=     skip  S1=     skip  best=43.08%  no_improve= 0  (116s)
[FedCMFSL_IID_1shot] Round  14/100  loss=1.6080  S2=     skip  S1=     skip  best=43.08%  no_improve= 0  (119s)
[FedCMFSL_IID_1shot] Round  15/100  loss=1.5967  S2=     skip  S1=     skip  best=43.08%  no_improve= 0  (118s)
[FedCMFSL_IID_1shot] Round  16/100  loss=1.6218  S2=     skip  S1=     skip  best=43.08%  no_improve= 0  (117s)
[FedCMFSL_IID_1shot] Round  17/100  loss=1.6077  S2=     skip  S1=     skip  best=43.08%  no_improve= 0  (116s)
[FedCMFSL_IID_1shot] Round  18/100  loss=1.5833  S2=     skip  S1=     skip  best=43.08%  no_improve= 0  (117s)
[FedCMFSL_IID_1shot] Round  19/100  loss=1.5692  S2=     skip  S1=     skip  best=43.08%  no_improve= 0  (116s)
[FedCMFSL_IID_1shot] Round  20/100  loss=1.5925  S2=   43.81%  S1=   42.75%  best=43.28%  no_improve= 0  (115s)
[FedCMFSL_IID_1shot] Round  21/100  loss=1.6060  S2=     skip  S1=     skip  best=43.28%  no_improve= 0  (116s)
[FedCMFSL_IID_1shot] Round  22/100  loss=1.5630  S2=     skip  S1=     skip  best=43.28%  no_improve= 0  (116s)
[FedCMFSL_IID_1shot] Round  23/100  loss=1.5992  S2=     skip  S1=     skip  best=43.28%  no_improve= 0  (116s)
[FedCMFSL_IID_1shot] Round  24/100  loss=1.5995  S2=     skip  S1=     skip  best=43.28%  no_improve= 0  (116s)
[FedCMFSL_IID_1shot] Round  25/100  loss=1.5568  S2=     skip  S1=     skip  best=43.28%  no_improve= 0  (116s)
[FedCMFSL_IID_1shot] Round  26/100  loss=1.5923  S2=     skip  S1=     skip  best=43.28%  no_improve= 0  (115s)
[FedCMFSL_IID_1shot] Round  27/100  loss=1.5591  S2=     skip  S1=     skip  best=43.28%  no_improve= 0  (114s)
[FedCMFSL_IID_1shot] Round  28/100  loss=1.5482  S2=     skip  S1=     skip  best=43.28%  no_improve= 0  (114s)
[FedCMFSL_IID_1shot] Round  29/100  loss=1.6003  S2=     skip  S1=     skip  best=43.28%  no_improve= 0  (115s)
[FedCMFSL_IID_1shot] Round  30/100  loss=1.5755  S2=   43.47%  S1=   42.05%  best=43.28%  no_improve=10  (114s)
[FedCMFSL_IID_1shot] Round  31/100  loss=1.5562  S2=     skip  S1=     skip  best=43.28%  no_improve=10  (116s)
[FedCMFSL_IID_1shot] Round  32/100  loss=1.5758  S2=     skip  S1=     skip  best=43.28%  no_improve=10  (115s)
[FedCMFSL_IID_1shot] Round  33/100  loss=1.5564  S2=     skip  S1=     skip  best=43.28%  no_improve=10  (116s)
[FedCMFSL_IID_1shot] Round  34/100  loss=1.5473  S2=     skip  S1=     skip  best=43.28%  no_improve=10  (115s)
[FedCMFSL_IID_1shot] Round  35/100  loss=1.5574  S2=     skip  S1=     skip  best=43.28%  no_improve=10  (115s)
[FedCMFSL_IID_1shot] Round  36/100  loss=1.5519  S2=     skip  S1=     skip  best=43.28%  no_improve=10  (116s)
[FedCMFSL_IID_1shot] Round  37/100  loss=1.5422  S2=     skip  S1=     skip  best=43.28%  no_improve=10  (115s)
[FedCMFSL_IID_1shot] Round  38/100  loss=1.4838  S2=     skip  S1=     skip  best=43.28%  no_improve=10  (116s)
[FedCMFSL_IID_1shot] Round  39/100  loss=1.5355  S2=     skip  S1=     skip  best=43.28%  no_improve=10  (116s)
[FedCMFSL_IID_1shot] Round  40/100  loss=1.5470  S2=   46.16%  S1=   42.06%  best=44.11%  no_improve= 0  (116s)
[FedCMFSL_IID_1shot] Round  41/100  loss=1.5561  S2=     skip  S1=     skip  best=44.11%  no_improve= 0  (117s)
[FedCMFSL_IID_1shot] Round  42/100  loss=1.5386  S2=     skip  S1=     skip  best=44.11%  no_improve= 0  (118s)
[FedCMFSL_IID_1shot] Round  43/100  loss=1.6000  S2=     skip  S1=     skip  best=44.11%  no_improve= 0  (117s)
[FedCMFSL_IID_1shot] Round  44/100  loss=1.5543  S2=     skip  S1=     skip  best=44.11%  no_improve= 0  (116s)
[FedCMFSL_IID_1shot] Round  45/100  loss=1.5275  S2=     skip  S1=     skip  best=44.11%  no_improve= 0  (115s)
[FedCMFSL_IID_1shot] Round  46/100  loss=1.5193  S2=     skip  S1=     skip  best=44.11%  no_improve= 0  (116s)
[FedCMFSL_IID_1shot] Round  47/100  loss=1.5437  S2=     skip  S1=     skip  best=44.11%  no_improve= 0  (117s)
[FedCMFSL_IID_1shot] Round  48/100  loss=1.5590  S2=     skip  S1=     skip  best=44.11%  no_improve= 0  (116s)
[FedCMFSL_IID_1shot] Round  49/100  loss=1.5575  S2=     skip  S1=     skip  best=44.11%  no_improve= 0  (116s)
[FedCMFSL_IID_1shot] Round  50/100  loss=1.5487  S2=   44.03%  S1=   41.76%  best=44.11%  no_improve=10  (115s)
[FedCMFSL_IID_1shot] Round  51/100  loss=1.5674  S2=     skip  S1=     skip  best=44.11%  no_improve=10  (115s)
[FedCMFSL_IID_1shot] Round  52/100  loss=1.5627  S2=     skip  S1=     skip  best=44.11%  no_improve=10  (114s)
[FedCMFSL_IID_1shot] Round  53/100  loss=1.5725  S2=     skip  S1=     skip  best=44.11%  no_improve=10  (117s)
[FedCMFSL_IID_1shot] Round  54/100  loss=1.5306  S2=     skip  S1=     skip  best=44.11%  no_improve=10  (117s)
[FedCMFSL_IID_1shot] Round  55/100  loss=1.5781  S2=     skip  S1=     skip  best=44.11%  no_improve=10  (116s)
[FedCMFSL_IID_1shot] Round  56/100  loss=1.5235  S2=     skip  S1=     skip  best=44.11%  no_improve=10  (120s)
[FedCMFSL_IID_1shot] Round  57/100  loss=1.5658  S2=     skip  S1=     skip  best=44.11%  no_improve=10  (118s)
[FedCMFSL_IID_1shot] Round  58/100  loss=1.5304  S2=     skip  S1=     skip  best=44.11%  no_improve=10  (117s)
[FedCMFSL_IID_1shot] Round  59/100  loss=1.5483  S2=     skip  S1=     skip  best=44.11%  no_improve=10  (116s)
[FedCMFSL_IID_1shot] Round  60/100  loss=1.5409  S2=   46.49%  S1=   41.46%  best=44.11%  no_improve=20  (117s)
[FedCMFSL_IID_1shot] Round  61/100  loss=1.5631  S2=     skip  S1=     skip  best=44.11%  no_improve=20  (117s)
[FedCMFSL_IID_1shot] Round  62/100  loss=1.5136  S2=     skip  S1=     skip  best=44.11%  no_improve=20  (116s)
[FedCMFSL_IID_1shot] Round  63/100  loss=1.5187  S2=     skip  S1=     skip  best=44.11%  no_improve=20  (116s)
[FedCMFSL_IID_1shot] Round  64/100  loss=1.5360  S2=     skip  S1=     skip  best=44.11%  no_improve=20  (116s)
[FedCMFSL_IID_1shot] Round  65/100  loss=1.5582  S2=     skip  S1=     skip  best=44.11%  no_improve=20  (116s)
[FedCMFSL_IID_1shot] Round  66/100  loss=1.5477  S2=     skip  S1=     skip  best=44.11%  no_improve=20  (115s)
[FedCMFSL_IID_1shot] Round  67/100  loss=1.5169  S2=     skip  S1=     skip  best=44.11%  no_improve=20  (114s)
[FedCMFSL_IID_1shot] Round  68/100  loss=1.5181  S2=     skip  S1=     skip  best=44.11%  no_improve=20  (115s)
[FedCMFSL_IID_1shot] Round  69/100  loss=1.5336  S2=     skip  S1=     skip  best=44.11%  no_improve=20  (118s)
[FedCMFSL_IID_1shot] Round  70/100  loss=1.5104  S2=   43.66%  S1=   40.14%  best=44.11%  no_improve=30  (118s)
[FedCMFSL_IID_1shot] Round  71/100  loss=1.5280  S2=     skip  S1=     skip  best=44.11%  no_improve=30  (113s)
[FedCMFSL_IID_1shot] Round  72/100  loss=1.5006  S2=     skip  S1=     skip  best=44.11%  no_improve=30  (111s)
[FedCMFSL_IID_1shot] Round  73/100  loss=1.5347  S2=     skip  S1=     skip  best=44.11%  no_improve=30  (110s)
[FedCMFSL_IID_1shot] Round  74/100  loss=1.5268  S2=     skip  S1=     skip  best=44.11%  no_improve=30  (110s)
[FedCMFSL_IID_1shot] Round  75/100  loss=1.4950  S2=     skip  S1=     skip  best=44.11%  no_improve=30  (117s)
[FedCMFSL_IID_1shot] Round  76/100  loss=1.5625  S2=     skip  S1=     skip  best=44.11%  no_improve=30  (117s)
[FedCMFSL_IID_1shot] Round  77/100  loss=1.5267  S2=     skip  S1=     skip  best=44.11%  no_improve=30  (114s)
[FedCMFSL_IID_1shot] Round  78/100  loss=1.5173  S2=     skip  S1=     skip  best=44.11%  no_improve=30  (116s)
[FedCMFSL_IID_1shot] Round  79/100  loss=1.5248  S2=     skip  S1=     skip  best=44.11%  no_improve=30  (114s)
[FedCMFSL_IID_1shot] Round  80/100  loss=1.5206  S2=   43.31%  S1=   42.24%  best=44.11%  no_improve=40  (113s)
[FedCMFSL_IID_1shot] Round  81/100  loss=1.4967  S2=     skip  S1=     skip  best=44.11%  no_improve=40  (111s)
[FedCMFSL_IID_1shot] Round  82/100  loss=1.5051  S2=     skip  S1=     skip  best=44.11%  no_improve=40  (116s)
[FedCMFSL_IID_1shot] Round  83/100  loss=1.5123  S2=     skip  S1=     skip  best=44.11%  no_improve=40  (118s)
[FedCMFSL_IID_1shot] Round  84/100  loss=1.4989  S2=     skip  S1=     skip  best=44.11%  no_improve=40  (116s)
[FedCMFSL_IID_1shot] Round  85/100  loss=1.5208  S2=     skip  S1=     skip  best=44.11%  no_improve=40  (115s)
[FedCMFSL_IID_1shot] Round  86/100  loss=1.4979  S2=     skip  S1=     skip  best=44.11%  no_improve=40  (111s)
[FedCMFSL_IID_1shot] Round  87/100  loss=1.5246  S2=     skip  S1=     skip  best=44.11%  no_improve=40  (112s)
[FedCMFSL_IID_1shot] Round  88/100  loss=1.4966  S2=     skip  S1=     skip  best=44.11%  no_improve=40  (112s)
[FedCMFSL_IID_1shot] Round  89/100  loss=1.4818  S2=     skip  S1=     skip  best=44.11%  no_improve=40  (111s)
[FedCMFSL_IID_1shot] Round  90/100  loss=1.5425  S2=   45.25%  S1=   40.03%  best=44.11%  no_improve=50  (112s)
[FedCMFSL_IID_1shot] Round  91/100  loss=1.5650  S2=     skip  S1=     skip  best=44.11%  no_improve=50  (110s)
[FedCMFSL_IID_1shot] Round  92/100  loss=1.5366  S2=     skip  S1=     skip  best=44.11%  no_improve=50  (110s)
[FedCMFSL_IID_1shot] Round  93/100  loss=1.4964  S2=     skip  S1=     skip  best=44.11%  no_improve=50  (110s)
[FedCMFSL_IID_1shot] Round  94/100  loss=1.4885  S2=     skip  S1=     skip  best=44.11%  no_improve=50  (110s)
[FedCMFSL_IID_1shot] Round  95/100  loss=1.5380  S2=     skip  S1=     skip  best=44.11%  no_improve=50  (110s)
[FedCMFSL_IID_1shot] Round  96/100  loss=1.5313  S2=     skip  S1=     skip  best=44.11%  no_improve=50  (110s)
[FedCMFSL_IID_1shot] Round  97/100  loss=1.5262  S2=     skip  S1=     skip  best=44.11%  no_improve=50  (113s)
[FedCMFSL_IID_1shot] Round  98/100  loss=1.5291  S2=     skip  S1=     skip  best=44.11%  no_improve=50  (115s)
[FedCMFSL_IID_1shot] Round  99/100  loss=1.4992  S2=     skip  S1=     skip  best=44.11%  no_improve=50  (115s)
[FedCMFSL_IID_1shot] Round 100/100  loss=1.4964  S2=   44.11%  S1=   41.10%  best=44.11%  no_improve=60  (113s)

[FedCMFSL_IID_1shot] Loading best model (val_avg=44.11%) for final test
[FedCMFSL_IID_1shot] Test → {'S2': {'mean': 43.35444547546407, 'ci': 0.5731069651440986, 'str': '43.35 ± 0.57', 'per_client': [{'client_idx': 0, 'mean': 45.05777886261543, 'ci': 0.6986611860101962, 'str': '45.06 ± 0.70'}, {'client_idx': 1, 'mean': 43.63333438585202, 'ci': 0.7762136088049504, 'str': '43.63 ± 0.78'}, {'client_idx': 2, 'mean': 46.43333438783884, 'ci': 0.6634845966864653, 'str': '46.43 ± 0.66'}, {'client_idx': 3, 'mean': 38.29333426554998, 'ci': 0.6863416054166075, 'str': '38.29 ± 0.69'}]}, 'S1': {'mean': 34.752222956468664, 'ci': 0.5172926937990429, 'str': '34.75 ± 0.52', 'per_client': [{'client_idx': 0, 'mean': 36.4488896454374, 'ci': 0.6310596514498472, 'str': '36.45 ± 0.63'}, {'client_idx': 1, 'mean': 31.608889545003574, 'ci': 0.598827503730138, 'str': '31.61 ± 0.60'}, {'client_idx': 2, 'mean': 32.67111181219419, 'ci': 0.650102155648207, 'str': '32.67 ± 0.65'}, {'client_idx': 3, 'mean': 38.28000082323948, 'ci': 0.6773349848237266, 'str': '38.28 ± 0.68'}]}}
Result saved → /home/vscode/FedCM-FSL/output/results/FedCMFSL_IID_1shot/FedCMFSL_IID_1shot.pkl

============================================================
                    EXPERIMENT COMPLETE                     
============================================================
ID: FedCMFSL_IID_1shot
S2 Accuracy: 43.35 ± 0.57
S1 Accuracy: 34.75 ± 0.52
