nohup: ignoring input
Initializing Experiment | Mode: federated | Scenario: IID | Device: cuda
Train: 17,511  Val: 4,237  Test: 3,914
Built 4 S2 clients, 4 S1 clients
[FedCMFSL_IID_1shot] Round   1/100  loss=3.0473  S2=     skip  S1=     skip  best=0.00%  no_improve= 0  (136s)
[FedCMFSL_IID_1shot] Round   2/100  loss=2.2364  S2=     skip  S1=     skip  best=0.00%  no_improve= 0  (121s)
[FedCMFSL_IID_1shot] Round   3/100  loss=1.8693  S2=     skip  S1=     skip  best=0.00%  no_improve= 0  (119s)
[FedCMFSL_IID_1shot] Round   4/100  loss=1.7476  S2=     skip  S1=     skip  best=0.00%  no_improve= 0  (118s)
[FedCMFSL_IID_1shot] Round   5/100  loss=1.6936  S2=     skip  S1=     skip  best=0.00%  no_improve= 0  (117s)
[FedCMFSL_IID_1shot] Round   6/100  loss=1.6789  S2=     skip  S1=     skip  best=0.00%  no_improve= 0  (117s)
[FedCMFSL_IID_1shot] Round   7/100  loss=1.6281  S2=     skip  S1=     skip  best=0.00%  no_improve= 0  (116s)
[FedCMFSL_IID_1shot] Round   8/100  loss=1.6516  S2=     skip  S1=     skip  best=0.00%  no_improve= 0  (116s)
[FedCMFSL_IID_1shot] Round   9/100  loss=1.6167  S2=     skip  S1=     skip  best=0.00%  no_improve= 0  (116s)
[FedCMFSL_IID_1shot] Round  10/100  loss=1.5982  S2=   43.87%  S1=   42.51%  best=43.19%  no_improve= 0  (115s)
[FedCMFSL_IID_1shot] Round  11/100  loss=1.5726  S2=     skip  S1=     skip  best=43.19%  no_improve= 0  (115s)
[FedCMFSL_IID_1shot] Round  12/100  loss=1.5955  S2=     skip  S1=     skip  best=43.19%  no_improve= 0  (115s)
[FedCMFSL_IID_1shot] Round  13/100  loss=1.6137  S2=     skip  S1=     skip  best=43.19%  no_improve= 0  (115s)
[FedCMFSL_IID_1shot] Round  14/100  loss=1.6249  S2=     skip  S1=     skip  best=43.19%  no_improve= 0  (118s)
[FedCMFSL_IID_1shot] Round  15/100  loss=1.6002  S2=     skip  S1=     skip  best=43.19%  no_improve= 0  (118s)
[FedCMFSL_IID_1shot] Round  16/100  loss=1.5794  S2=     skip  S1=     skip  best=43.19%  no_improve= 0  (117s)
[FedCMFSL_IID_1shot] Round  17/100  loss=1.5735  S2=     skip  S1=     skip  best=43.19%  no_improve= 0  (117s)
[FedCMFSL_IID_1shot] Round  18/100  loss=1.5908  S2=     skip  S1=     skip  best=43.19%  no_improve= 0  (117s)
[FedCMFSL_IID_1shot] Round  19/100  loss=1.5827  S2=     skip  S1=     skip  best=43.19%  no_improve= 0  (116s)
[FedCMFSL_IID_1shot] Round  20/100  loss=1.5923  S2=   42.61%  S1=   41.51%  best=43.19%  no_improve=10  (115s)
[FedCMFSL_IID_1shot] Round  21/100  loss=1.5948  S2=     skip  S1=     skip  best=43.19%  no_improve=10  (114s)
[FedCMFSL_IID_1shot] Round  22/100  loss=1.5569  S2=     skip  S1=     skip  best=43.19%  no_improve=10  (115s)
[FedCMFSL_IID_1shot] Round  23/100  loss=1.5827  S2=     skip  S1=     skip  best=43.19%  no_improve=10  (114s)
[FedCMFSL_IID_1shot] Round  24/100  loss=1.5848  S2=     skip  S1=     skip  best=43.19%  no_improve=10  (113s)
[FedCMFSL_IID_1shot] Round  25/100  loss=1.5338  S2=     skip  S1=     skip  best=43.19%  no_improve=10  (115s)
[FedCMFSL_IID_1shot] Round  26/100  loss=1.5332  S2=     skip  S1=     skip  best=43.19%  no_improve=10  (115s)
[FedCMFSL_IID_1shot] Round  27/100  loss=1.5659  S2=     skip  S1=     skip  best=43.19%  no_improve=10  (116s)
[FedCMFSL_IID_1shot] Round  28/100  loss=1.5614  S2=     skip  S1=     skip  best=43.19%  no_improve=10  (113s)
[FedCMFSL_IID_1shot] Round  29/100  loss=1.5395  S2=     skip  S1=     skip  best=43.19%  no_improve=10  (113s)
[FedCMFSL_IID_1shot] Round  30/100  loss=1.5539  S2=   44.69%  S1=   41.82%  best=43.25%  no_improve= 0  (114s)
[FedCMFSL_IID_1shot] Round  31/100  loss=1.5564  S2=     skip  S1=     skip  best=43.25%  no_improve= 0  (114s)
[FedCMFSL_IID_1shot] Round  32/100  loss=1.5844  S2=     skip  S1=     skip  best=43.25%  no_improve= 0  (114s)
[FedCMFSL_IID_1shot] Round  33/100  loss=1.5781  S2=     skip  S1=     skip  best=43.25%  no_improve= 0  (112s)
[FedCMFSL_IID_1shot] Round  34/100  loss=1.5361  S2=     skip  S1=     skip  best=43.25%  no_improve= 0  (112s)
[FedCMFSL_IID_1shot] Round  35/100  loss=1.5658  S2=     skip  S1=     skip  best=43.25%  no_improve= 0  (115s)
[FedCMFSL_IID_1shot] Round  36/100  loss=1.6050  S2=     skip  S1=     skip  best=43.25%  no_improve= 0  (114s)
[FedCMFSL_IID_1shot] Round  37/100  loss=1.5836  S2=     skip  S1=     skip  best=43.25%  no_improve= 0  (114s)
[FedCMFSL_IID_1shot] Round  38/100  loss=1.5333  S2=     skip  S1=     skip  best=43.25%  no_improve= 0  (114s)
[FedCMFSL_IID_1shot] Round  39/100  loss=1.5557  S2=     skip  S1=     skip  best=43.25%  no_improve= 0  (116s)
[FedCMFSL_IID_1shot] Round  40/100  loss=1.5505  S2=   44.48%  S1=   42.01%  best=43.25%  no_improve=10  (116s)
[FedCMFSL_IID_1shot] Round  41/100  loss=1.5312  S2=     skip  S1=     skip  best=43.25%  no_improve=10  (116s)
[FedCMFSL_IID_1shot] Round  42/100  loss=1.5710  S2=     skip  S1=     skip  best=43.25%  no_improve=10  (114s)
[FedCMFSL_IID_1shot] Round  43/100  loss=1.5622  S2=     skip  S1=     skip  best=43.25%  no_improve=10  (113s)
[FedCMFSL_IID_1shot] Round  44/100  loss=1.5716  S2=     skip  S1=     skip  best=43.25%  no_improve=10  (114s)
[FedCMFSL_IID_1shot] Round  45/100  loss=1.5751  S2=     skip  S1=     skip  best=43.25%  no_improve=10  (114s)
[FedCMFSL_IID_1shot] Round  46/100  loss=1.5316  S2=     skip  S1=     skip  best=43.25%  no_improve=10  (113s)
[FedCMFSL_IID_1shot] Round  47/100  loss=1.5590  S2=     skip  S1=     skip  best=43.25%  no_improve=10  (122s)
[FedCMFSL_IID_1shot] Round  48/100  loss=1.5706  S2=     skip  S1=     skip  best=43.25%  no_improve=10  (112s)
[FedCMFSL_IID_1shot] Round  49/100  loss=1.5299  S2=     skip  S1=     skip  best=43.25%  no_improve=10  (112s)
[FedCMFSL_IID_1shot] Round  50/100  loss=1.5359  S2=   42.90%  S1=   40.38%  best=43.25%  no_improve=20  (113s)
[FedCMFSL_IID_1shot] Round  51/100  loss=1.5320  S2=     skip  S1=     skip  best=43.25%  no_improve=20  (115s)
[FedCMFSL_IID_1shot] Round  52/100  loss=1.5157  S2=     skip  S1=     skip  best=43.25%  no_improve=20  (115s)
[FedCMFSL_IID_1shot] Round  53/100  loss=1.5280  S2=     skip  S1=     skip  best=43.25%  no_improve=20  (114s)
[FedCMFSL_IID_1shot] Round  54/100  loss=1.5465  S2=     skip  S1=     skip  best=43.25%  no_improve=20  (112s)
[FedCMFSL_IID_1shot] Round  55/100  loss=1.5018  S2=     skip  S1=     skip  best=43.25%  no_improve=20  (113s)
[FedCMFSL_IID_1shot] Round  56/100  loss=1.5412  S2=     skip  S1=     skip  best=43.25%  no_improve=20  (116s)
[FedCMFSL_IID_1shot] Round  57/100  loss=1.5625  S2=     skip  S1=     skip  best=43.25%  no_improve=20  (118s)
[FedCMFSL_IID_1shot] Round  58/100  loss=1.5416  S2=     skip  S1=     skip  best=43.25%  no_improve=20  (115s)
[FedCMFSL_IID_1shot] Round  59/100  loss=1.5369  S2=     skip  S1=     skip  best=43.25%  no_improve=20  (114s)
[FedCMFSL_IID_1shot] Round  60/100  loss=1.5201  S2=   45.06%  S1=   39.26%  best=43.25%  no_improve=30  (112s)
[FedCMFSL_IID_1shot] Round  61/100  loss=1.5240  S2=     skip  S1=     skip  best=43.25%  no_improve=30  (117s)
[FedCMFSL_IID_1shot] Round  62/100  loss=1.5608  S2=     skip  S1=     skip  best=43.25%  no_improve=30  (114s)
[FedCMFSL_IID_1shot] Round  63/100  loss=1.5429  S2=     skip  S1=     skip  best=43.25%  no_improve=30  (114s)
[FedCMFSL_IID_1shot] Round  64/100  loss=1.5496  S2=     skip  S1=     skip  best=43.25%  no_improve=30  (114s)
[FedCMFSL_IID_1shot] Round  65/100  loss=1.5056  S2=     skip  S1=     skip  best=43.25%  no_improve=30  (114s)
[FedCMFSL_IID_1shot] Round  66/100  loss=1.5124  S2=     skip  S1=     skip  best=43.25%  no_improve=30  (115s)
[FedCMFSL_IID_1shot] Round  67/100  loss=1.5184  S2=     skip  S1=     skip  best=43.25%  no_improve=30  (113s)
[FedCMFSL_IID_1shot] Round  68/100  loss=1.5470  S2=     skip  S1=     skip  best=43.25%  no_improve=30  (114s)
[FedCMFSL_IID_1shot] Round  69/100  loss=1.5558  S2=     skip  S1=     skip  best=43.25%  no_improve=30  (116s)
[FedCMFSL_IID_1shot] Round  70/100  loss=1.5671  S2=   45.02%  S1=   38.38%  best=43.25%  no_improve=40  (115s)
[FedCMFSL_IID_1shot] Round  71/100  loss=1.5359  S2=     skip  S1=     skip  best=43.25%  no_improve=40  (116s)
[FedCMFSL_IID_1shot] Round  72/100  loss=1.5223  S2=     skip  S1=     skip  best=43.25%  no_improve=40  (114s)
[FedCMFSL_IID_1shot] Round  73/100  loss=1.5012  S2=     skip  S1=     skip  best=43.25%  no_improve=40  (124s)
[FedCMFSL_IID_1shot] Round  74/100  loss=1.5104  S2=     skip  S1=     skip  best=43.25%  no_improve=40  (115s)
[FedCMFSL_IID_1shot] Round  75/100  loss=1.5467  S2=     skip  S1=     skip  best=43.25%  no_improve=40  (114s)
[FedCMFSL_IID_1shot] Round  76/100  loss=1.4818  S2=     skip  S1=     skip  best=43.25%  no_improve=40  (112s)
[FedCMFSL_IID_1shot] Round  77/100  loss=1.5246  S2=     skip  S1=     skip  best=43.25%  no_improve=40  (112s)
[FedCMFSL_IID_1shot] Round  78/100  loss=1.5408  S2=     skip  S1=     skip  best=43.25%  no_improve=40  (111s)
[FedCMFSL_IID_1shot] Round  79/100  loss=1.5137  S2=     skip  S1=     skip  best=43.25%  no_improve=40  (112s)
[FedCMFSL_IID_1shot] Round  80/100  loss=1.5198  S2=   43.12%  S1=   41.48%  best=43.25%  no_improve=50  (112s)
[FedCMFSL_IID_1shot] Round  81/100  loss=1.4972  S2=     skip  S1=     skip  best=43.25%  no_improve=50  (113s)
[FedCMFSL_IID_1shot] Round  82/100  loss=1.4923  S2=     skip  S1=     skip  best=43.25%  no_improve=50  (112s)
[FedCMFSL_IID_1shot] Round  83/100  loss=1.5292  S2=     skip  S1=     skip  best=43.25%  no_improve=50  (112s)
[FedCMFSL_IID_1shot] Round  84/100  loss=1.5146  S2=     skip  S1=     skip  best=43.25%  no_improve=50  (111s)
[FedCMFSL_IID_1shot] Round  85/100  loss=1.4941  S2=     skip  S1=     skip  best=43.25%  no_improve=50  (113s)
[FedCMFSL_IID_1shot] Round  86/100  loss=1.5602  S2=     skip  S1=     skip  best=43.25%  no_improve=50  (115s)
[FedCMFSL_IID_1shot] Round  87/100  loss=1.4925  S2=     skip  S1=     skip  best=43.25%  no_improve=50  (113s)
[FedCMFSL_IID_1shot] Round  88/100  loss=1.5056  S2=     skip  S1=     skip  best=43.25%  no_improve=50  (112s)
[FedCMFSL_IID_1shot] Round  89/100  loss=1.5370  S2=     skip  S1=     skip  best=43.25%  no_improve=50  (112s)
[FedCMFSL_IID_1shot] Round  90/100  loss=1.5047  S2=   43.55%  S1=   40.72%  best=43.25%  no_improve=60  (118s)
[FedCMFSL_IID_1shot] Round  91/100  loss=1.4912  S2=     skip  S1=     skip  best=43.25%  no_improve=60  (113s)
[FedCMFSL_IID_1shot] Round  92/100  loss=1.5190  S2=     skip  S1=     skip  best=43.25%  no_improve=60  (113s)
[FedCMFSL_IID_1shot] Round  93/100  loss=1.4871  S2=     skip  S1=     skip  best=43.25%  no_improve=60  (112s)
[FedCMFSL_IID_1shot] Round  94/100  loss=1.4987  S2=     skip  S1=     skip  best=43.25%  no_improve=60  (112s)
[FedCMFSL_IID_1shot] Round  95/100  loss=1.5008  S2=     skip  S1=     skip  best=43.25%  no_improve=60  (112s)
[FedCMFSL_IID_1shot] Round  96/100  loss=1.5165  S2=     skip  S1=     skip  best=43.25%  no_improve=60  (112s)
[FedCMFSL_IID_1shot] Round  97/100  loss=1.5091  S2=     skip  S1=     skip  best=43.25%  no_improve=60  (112s)
[FedCMFSL_IID_1shot] Round  98/100  loss=1.4622  S2=     skip  S1=     skip  best=43.25%  no_improve=60  (112s)
[FedCMFSL_IID_1shot] Round  99/100  loss=1.4874  S2=     skip  S1=     skip  best=43.25%  no_improve=60  (115s)
[FedCMFSL_IID_1shot] Round 100/100  loss=1.4849  S2=   39.90%  S1=   42.85%  best=43.25%  no_improve=70  (114s)

[FedCMFSL_IID_1shot] Loading best model (val_avg=43.25%) for final test
[FedCMFSL_IID_1shot] Test → {'S2': {'mean': 40.59666765357057, 'ci': 0.5519598689707267, 'str': '40.60 ± 0.55', 'per_client': [{'client_idx': 0, 'mean': 45.133334477742515, 'ci': 0.6646255468843706, 'str': '45.13 ± 0.66'}, {'client_idx': 1, 'mean': 41.94222321112951, 'ci': 0.7481530426189362, 'str': '41.94 ± 0.75'}, {'client_idx': 2, 'mean': 41.17333440730969, 'ci': 0.6725824257781347, 'str': '41.17 ± 0.67'}, {'client_idx': 3, 'mean': 34.13777851810058, 'ci': 0.6475232399919133, 'str': '34.14 ± 0.65'}]}, 'S1': {'mean': 34.62833406807234, 'ci': 0.5093382711134335, 'str': '34.63 ± 0.51', 'per_client': [{'client_idx': 0, 'mean': 34.73333408931891, 'ci': 0.637557246552176, 'str': '34.73 ± 0.64'}, {'client_idx': 1, 'mean': 33.00666736563047, 'ci': 0.6211972965788556, 'str': '33.01 ± 0.62'}, {'client_idx': 2, 'mean': 34.23111185928186, 'ci': 0.6474409145836869, 'str': '34.23 ± 0.65'}, {'client_idx': 3, 'mean': 36.54222295805812, 'ci': 0.7148788917000535, 'str': '36.54 ± 0.71'}]}}
Result saved → /home/vscode/FedCM-FSL/output/results/FedCMFSL_IID_1shot/FedCMFSL_IID_1shot.pkl

============================================================
                    EXPERIMENT COMPLETE                     
============================================================
ID: FedCMFSL_IID_1shot
S2 Accuracy: 40.60 ± 0.55
S1 Accuracy: 34.63 ± 0.51
