nohup: ignoring input
Initializing Experiment | Mode: federated | Scenario: IID | Device: cuda
Train: 17,511  Val: 4,237  Test: 3,914
Built 4 S2 clients, 4 S1 clients
[FedCMFSL_IID_1shot] Round   1/100  loss=1.6477  S2=34.3%  S1=33.3%  gap=1.0%  margin(S2=0.414,S1=0.374)  norm(S2=35.9,S1=33.6)  best=0.0%  (173s)
[FedCMFSL_IID_1shot] Round   2/100  loss=1.5376  train_acc=30.4%  (174s)
[FedCMFSL_IID_1shot] Round   3/100  loss=1.5321  train_acc=31.0%  (174s)
[FedCMFSL_IID_1shot] Round   4/100  loss=1.5235  train_acc=31.2%  (174s)
[FedCMFSL_IID_1shot] Round   5/100  loss=1.5314  train_acc=30.6%  (174s)
[FedCMFSL_IID_1shot] Round   6/100  loss=1.5079  train_acc=32.8%  (174s)
[FedCMFSL_IID_1shot] Round   7/100  loss=1.4918  train_acc=32.5%  (174s)
[FedCMFSL_IID_1shot] Round   8/100  loss=1.5221  train_acc=31.1%  (173s)
[FedCMFSL_IID_1shot] Round   9/100  loss=1.5140  train_acc=31.4%  (172s)
[FedCMFSL_IID_1shot] Round  10/100  loss=1.5147  S2=43.4%  S1=40.2%  gap=3.3%  margin(S2=0.389,S1=0.360)  norm(S2=16.4,S1=16.6)  best=33.8%  (172s)
[FedCMFSL_IID_1shot] Round  11/100  loss=1.5083  train_acc=33.4%  (170s)
[FedCMFSL_IID_1shot] Round  12/100  loss=1.4841  train_acc=33.3%  (170s)
[FedCMFSL_IID_1shot] Round  13/100  loss=1.4592  train_acc=34.2%  (170s)
[FedCMFSL_IID_1shot] Round  14/100  loss=1.5128  train_acc=31.5%  (170s)
[FedCMFSL_IID_1shot] Round  15/100  loss=1.5135  train_acc=31.6%  (169s)
[FedCMFSL_IID_1shot] Round  16/100  loss=1.4874  train_acc=33.2%  (169s)
[FedCMFSL_IID_1shot] Round  17/100  loss=1.4931  train_acc=34.0%  (170s)
[FedCMFSL_IID_1shot] Round  18/100  loss=1.4960  train_acc=32.2%  (169s)
[FedCMFSL_IID_1shot] Round  19/100  loss=1.5040  train_acc=31.8%  (170s)
[FedCMFSL_IID_1shot] Round  20/100  loss=1.4882  S2=43.4%  S1=41.9%  gap=1.5%  margin(S2=0.428,S1=0.384)  norm(S2=16.4,S1=16.9)  best=41.8%  (171s)
[FedCMFSL_IID_1shot] Round  21/100  loss=1.4810  train_acc=34.1%  (168s)
[FedCMFSL_IID_1shot] Round  22/100  loss=1.4833  train_acc=33.5%  (169s)
[FedCMFSL_IID_1shot] Round  23/100  loss=1.4702  train_acc=34.8%  (169s)
[FedCMFSL_IID_1shot] Round  24/100  loss=1.4508  train_acc=34.6%  (169s)
[FedCMFSL_IID_1shot] Round  25/100  loss=1.5013  train_acc=33.7%  (170s)
[FedCMFSL_IID_1shot] Round  26/100  loss=1.4900  train_acc=33.0%  (171s)
[FedCMFSL_IID_1shot] Round  27/100  loss=1.5027  train_acc=33.1%  (169s)
[FedCMFSL_IID_1shot] Round  28/100  loss=1.4948  train_acc=33.6%  (170s)
[FedCMFSL_IID_1shot] Round  29/100  loss=1.4401  train_acc=35.6%  (171s)
[FedCMFSL_IID_1shot] Round  30/100  loss=1.4876  S2=42.7%  S1=42.4%  gap=0.4%  margin(S2=0.387,S1=0.357)  norm(S2=16.1,S1=16.5)  best=42.7%  (169s)
[FedCMFSL_IID_1shot] Round  31/100  loss=1.4927  train_acc=35.6%  (169s)
[FedCMFSL_IID_1shot] Round  32/100  loss=1.5115  train_acc=32.5%  (170s)
[FedCMFSL_IID_1shot] Round  33/100  loss=1.4830  train_acc=32.8%  (170s)
[FedCMFSL_IID_1shot] Round  34/100  loss=1.4947  train_acc=33.6%  (169s)
[FedCMFSL_IID_1shot] Round  35/100  loss=1.4669  train_acc=33.6%  (169s)
[FedCMFSL_IID_1shot] Round  36/100  loss=1.4564  train_acc=35.5%  (169s)
[FedCMFSL_IID_1shot] Round  37/100  loss=1.5060  train_acc=32.6%  (169s)
[FedCMFSL_IID_1shot] Round  38/100  loss=1.4803  train_acc=34.5%  (170s)
[FedCMFSL_IID_1shot] Round  39/100  loss=1.4674  train_acc=36.2%  (170s)
[FedCMFSL_IID_1shot] Round  40/100  loss=1.5034  S2=44.1%  S1=37.8%  gap=6.4%  margin(S2=0.420,S1=0.352)  norm(S2=17.6,S1=15.5)  best=42.7%  (169s)
[FedCMFSL_IID_1shot] Round  41/100  loss=1.5047  train_acc=32.3%  (169s)
[FedCMFSL_IID_1shot] Round  42/100  loss=1.4986  train_acc=33.8%  (169s)
[FedCMFSL_IID_1shot] Round  43/100  loss=1.4686  train_acc=35.2%  (170s)
[FedCMFSL_IID_1shot] Round  44/100  loss=1.4500  train_acc=36.0%  (169s)
[FedCMFSL_IID_1shot] Round  45/100  loss=1.4871  train_acc=33.2%  (169s)
[FedCMFSL_IID_1shot] Round  46/100  loss=1.5013  train_acc=34.2%  (169s)
[FedCMFSL_IID_1shot] Round  47/100  loss=1.4537  train_acc=35.5%  (169s)
[FedCMFSL_IID_1shot] Round  48/100  loss=1.4809  train_acc=34.0%  (169s)
[FedCMFSL_IID_1shot] Round  49/100  loss=1.4819  train_acc=33.7%  (169s)
[FedCMFSL_IID_1shot] Round  50/100  loss=1.4939  S2=43.2%  S1=38.8%  gap=4.4%  margin(S2=0.459,S1=0.378)  norm(S2=16.4,S1=15.4)  best=42.7%  (168s)
[FedCMFSL_IID_1shot] Round  51/100  loss=1.5104  train_acc=32.1%  (170s)
[FedCMFSL_IID_1shot] Round  52/100  loss=1.5014  train_acc=32.5%  (170s)
[FedCMFSL_IID_1shot] Round  53/100  loss=1.4450  train_acc=35.9%  (170s)
[FedCMFSL_IID_1shot] Round  54/100  loss=1.4784  train_acc=33.3%  (169s)
[FedCMFSL_IID_1shot] Round  55/100  loss=1.4842  train_acc=34.1%  (169s)
[FedCMFSL_IID_1shot] Round  56/100  loss=1.4798  train_acc=34.0%  (168s)
[FedCMFSL_IID_1shot] Round  57/100  loss=1.4957  train_acc=33.0%  (169s)
[FedCMFSL_IID_1shot] Round  58/100  loss=1.4976  train_acc=31.8%  (171s)
[FedCMFSL_IID_1shot] Round  59/100  loss=1.4738  train_acc=34.6%  (169s)
[FedCMFSL_IID_1shot] Round  60/100  loss=1.4541  S2=43.9%  S1=38.2%  gap=5.6%  margin(S2=0.418,S1=0.350)  norm(S2=15.8,S1=11.9)  best=42.7%  (169s)
[FedCMFSL_IID_1shot] Round  61/100  loss=1.4962  train_acc=33.1%  (168s)
[FedCMFSL_IID_1shot] Round  62/100  loss=1.4751  train_acc=33.5%  (169s)
[FedCMFSL_IID_1shot] Round  63/100  loss=1.4884  train_acc=33.5%  (169s)
[FedCMFSL_IID_1shot] Round  64/100  loss=1.5065  train_acc=33.3%  (169s)
[FedCMFSL_IID_1shot] Round  65/100  loss=1.4860  train_acc=31.7%  (169s)
[FedCMFSL_IID_1shot] Round  66/100  loss=1.4610  train_acc=34.3%  (171s)
[FedCMFSL_IID_1shot] Round  67/100  loss=1.4822  train_acc=34.1%  (170s)
[FedCMFSL_IID_1shot] Round  68/100  loss=1.4656  train_acc=35.2%  (170s)
[FedCMFSL_IID_1shot] Round  69/100  loss=1.4621  train_acc=34.0%  (171s)
[FedCMFSL_IID_1shot] Round  70/100  loss=1.4793  S2=43.3%  S1=38.8%  gap=4.4%  margin(S2=0.440,S1=0.346)  norm(S2=15.6,S1=13.7)  best=42.7%  (170s)
[FedCMFSL_IID_1shot] Round  71/100  loss=1.4702  train_acc=33.3%  (169s)
[FedCMFSL_IID_1shot] Round  72/100  loss=1.4845  train_acc=33.3%  (169s)
[FedCMFSL_IID_1shot] Round  73/100  loss=1.4965  train_acc=32.6%  (169s)
[FedCMFSL_IID_1shot] Round  74/100  loss=1.4587  train_acc=34.7%  (169s)
[FedCMFSL_IID_1shot] Round  75/100  loss=1.4636  train_acc=33.6%  (168s)
[FedCMFSL_IID_1shot] Round  76/100  loss=1.4687  train_acc=35.4%  (169s)
[FedCMFSL_IID_1shot] Round  77/100  loss=1.4610  train_acc=34.1%  (169s)
[FedCMFSL_IID_1shot] Round  78/100  loss=1.4754  train_acc=33.9%  (169s)
[FedCMFSL_IID_1shot] Round  79/100  loss=1.4861  train_acc=32.3%  (170s)
[FedCMFSL_IID_1shot] Round  80/100  loss=1.4662  S2=43.3%  S1=40.4%  gap=2.8%  margin(S2=0.396,S1=0.338)  norm(S2=15.0,S1=11.5)  best=42.7%  (170s)
[FedCMFSL_IID_1shot] Round  81/100  loss=1.4745  train_acc=33.9%  (171s)
[FedCMFSL_IID_1shot] Round  82/100  loss=1.4723  train_acc=35.0%  (171s)
[FedCMFSL_IID_1shot] Round  83/100  loss=1.4964  train_acc=33.2%  (172s)
[FedCMFSL_IID_1shot] Round  84/100  loss=1.4711  train_acc=33.8%  (171s)
[FedCMFSL_IID_1shot] Round  85/100  loss=1.4823  train_acc=33.5%  (171s)
[FedCMFSL_IID_1shot] Round  86/100  loss=1.4978  train_acc=32.9%  (172s)
[FedCMFSL_IID_1shot] Round  87/100  loss=1.4579  train_acc=34.3%  (171s)
[FedCMFSL_IID_1shot] Round  88/100  loss=1.4820  train_acc=33.6%  (171s)
[FedCMFSL_IID_1shot] Round  89/100  loss=1.4985  train_acc=32.7%  (171s)
[FedCMFSL_IID_1shot] Round  90/100  loss=1.4951  S2=47.2%  S1=39.3%  gap=8.0%  margin(S2=0.435,S1=0.329)  norm(S2=14.9,S1=12.1)  best=42.7%  (171s)
[FedCMFSL_IID_1shot] Round  91/100  loss=1.4479  train_acc=35.5%  (170s)
[FedCMFSL_IID_1shot] Round  92/100  loss=1.4466  train_acc=34.7%  (171s)
[FedCMFSL_IID_1shot] Round  93/100  loss=1.4713  train_acc=33.8%  (170s)
[FedCMFSL_IID_1shot] Round  94/100  loss=1.4812  train_acc=33.9%  (169s)
[FedCMFSL_IID_1shot] Round  95/100  loss=1.4749  train_acc=33.5%  (168s)
[FedCMFSL_IID_1shot] Round  96/100  loss=1.4537  train_acc=35.0%  (169s)
[FedCMFSL_IID_1shot] Round  97/100  loss=1.4896  train_acc=32.2%  (168s)
[FedCMFSL_IID_1shot] Round  98/100  loss=1.4738  train_acc=33.4%  (168s)
[FedCMFSL_IID_1shot] Round  99/100  loss=1.4797  train_acc=33.5%  (168s)
[FedCMFSL_IID_1shot] Round 100/100  loss=1.4833  S2=44.6%  S1=36.4%  gap=8.2%  margin(S2=0.383,S1=0.322)  norm(S2=13.3,S1=13.7)  best=43.3%  (168s)

[FedCMFSL_IID_1shot] Loading best model (val_avg=43.25%) for final test
[FedCMFSL_IID_1shot] Test → {'S2': {'mean': 41.54388981312513, 'ci': 0.5549826579359772, 'str': '41.54 ± 0.55', 'per_client': [{'client_idx': 0, 'mean': 36.917778581380844, 'ci': 0.7524998397221595, 'str': '36.92 ± 0.75'}, {'client_idx': 1, 'mean': 43.84666756788889, 'ci': 0.7405093469929275, 'str': '43.85 ± 0.74'}, {'client_idx': 2, 'mean': 43.562223210930824, 'ci': 0.6963213488568782, 'str': '43.56 ± 0.70'}, {'client_idx': 3, 'mean': 41.84888989229997, 'ci': 0.713092308183867, 'str': '41.85 ± 0.71'}]}, 'S1': {'mean': 30.84111176400135, 'ci': 0.40925665456298455, 'str': '30.84 ± 0.41', 'per_client': [{'client_idx': 0, 'mean': 36.94888970007499, 'ci': 0.6290592368446487, 'str': '36.95 ± 0.63'}, {'client_idx': 1, 'mean': 25.064444923152525, 'ci': 0.5299227209966125, 'str': '25.06 ± 0.53'}, {'client_idx': 2, 'mean': 32.80222291499376, 'ci': 0.6323780624424331, 'str': '32.80 ± 0.63'}, {'client_idx': 3, 'mean': 28.54888951778412, 'ci': 0.6039841093447471, 'str': '28.55 ± 0.60'}]}}
Result saved → /home/vscode/FedCM-FSL/output/results/FedCMFSL_IID_1shot/FedCMFSL_IID_1shot.pkl

============================================================
                    EXPERIMENT COMPLETE                     
============================================================
ID: FedCMFSL_IID_1shot
S2 Accuracy: 41.54 ± 0.55
S1 Accuracy: 30.84 ± 0.41
