nohup: ignoring input
Initializing Experiment | Mode: federated | Scenario: IID | Device: cuda
Train: 17,511  Val: 4,237  Test: 3,914
Built 4 S2 clients, 4 S1 clients
[FedProtoProj_IID_1shot] Round   1/100  loss=1.6555  S2=35.2%  S1=37.4%  gap=2.1%  margin(S2=0.363,S1=0.404)  norm(S2=46.7,S1=27.0)  best=0.0%  (179s)
[FedProtoProj_IID_1shot] Round   2/100  loss=1.5360  train_acc=29.1%  (172s)
[FedProtoProj_IID_1shot] Round   3/100  loss=1.5276  train_acc=29.6%  (171s)
[FedProtoProj_IID_1shot] Round   4/100  loss=1.5419  train_acc=29.8%  (171s)
[FedProtoProj_IID_1shot] Round   5/100  loss=1.5344  train_acc=29.8%  (168s)
[FedProtoProj_IID_1shot] Round   6/100  loss=1.5135  train_acc=30.7%  (168s)
[FedProtoProj_IID_1shot] Round   7/100  loss=1.4907  train_acc=32.9%  (174s)
[FedProtoProj_IID_1shot] Round   8/100  loss=1.5029  train_acc=32.8%  (168s)
[FedProtoProj_IID_1shot] Round   9/100  loss=1.5021  train_acc=32.9%  (165s)
[FedProtoProj_IID_1shot] Round  10/100  loss=1.5294  S2=44.5%  S1=43.3%  gap=1.2%  margin(S2=0.403,S1=0.340)  norm(S2=17.1,S1=16.4)  best=36.3%  (166s)
[FedProtoProj_IID_1shot] Round  11/100  loss=1.4819  train_acc=34.2%  (169s)
[FedProtoProj_IID_1shot] Round  12/100  loss=1.4927  train_acc=33.1%  (168s)
[FedProtoProj_IID_1shot] Round  13/100  loss=1.4760  train_acc=33.0%  (167s)
[FedProtoProj_IID_1shot] Round  14/100  loss=1.4856  train_acc=33.0%  (171s)
[FedProtoProj_IID_1shot] Round  15/100  loss=1.5051  train_acc=32.1%  (170s)
[FedProtoProj_IID_1shot] Round  16/100  loss=1.5202  train_acc=30.1%  (173s)
[FedProtoProj_IID_1shot] Round  17/100  loss=1.5151  train_acc=31.3%  (173s)
[FedProtoProj_IID_1shot] Round  18/100  loss=1.5188  train_acc=31.7%  (173s)
[FedProtoProj_IID_1shot] Round  19/100  loss=1.4704  train_acc=33.9%  (173s)
[FedProtoProj_IID_1shot] Round  20/100  loss=1.4753  S2=43.5%  S1=38.6%  gap=4.9%  margin(S2=0.403,S1=0.369)  norm(S2=16.1,S1=17.2)  best=43.9%  (173s)
[FedProtoProj_IID_1shot] Round  21/100  loss=1.4816  train_acc=33.4%  (171s)
[FedProtoProj_IID_1shot] Round  22/100  loss=1.5042  train_acc=32.6%  (169s)
[FedProtoProj_IID_1shot] Round  23/100  loss=1.5055  train_acc=32.6%  (171s)
[FedProtoProj_IID_1shot] Round  24/100  loss=1.5041  train_acc=31.6%  (172s)
[FedProtoProj_IID_1shot] Round  25/100  loss=1.4602  train_acc=34.5%  (173s)
[FedProtoProj_IID_1shot] Round  26/100  loss=1.4942  train_acc=32.9%  (173s)
[FedProtoProj_IID_1shot] Round  27/100  loss=1.5154  train_acc=31.0%  (172s)
[FedProtoProj_IID_1shot] Round  28/100  loss=1.4672  train_acc=35.0%  (173s)
[FedProtoProj_IID_1shot] Round  29/100  loss=1.4974  train_acc=31.8%  (173s)
[FedProtoProj_IID_1shot] Round  30/100  loss=1.4587  S2=44.5%  S1=39.6%  gap=4.9%  margin(S2=0.427,S1=0.347)  norm(S2=16.2,S1=16.9)  best=43.9%  (173s)
[FedProtoProj_IID_1shot] Round  31/100  loss=1.4859  train_acc=33.0%  (172s)
[FedProtoProj_IID_1shot] Round  32/100  loss=1.4768  train_acc=34.7%  (171s)
[FedProtoProj_IID_1shot] Round  33/100  loss=1.4424  train_acc=35.3%  (172s)
[FedProtoProj_IID_1shot] Round  34/100  loss=1.5115  train_acc=31.7%  (172s)
[FedProtoProj_IID_1shot] Round  35/100  loss=1.4778  train_acc=33.8%  (171s)
[FedProtoProj_IID_1shot] Round  36/100  loss=1.5128  train_acc=33.4%  (172s)
[FedProtoProj_IID_1shot] Round  37/100  loss=1.4790  train_acc=34.5%  (172s)
[FedProtoProj_IID_1shot] Round  38/100  loss=1.5053  train_acc=33.1%  (174s)
[FedProtoProj_IID_1shot] Round  39/100  loss=1.4612  train_acc=34.2%  (173s)
[FedProtoProj_IID_1shot] Round  40/100  loss=1.4524  S2=44.9%  S1=38.3%  gap=6.7%  margin(S2=0.410,S1=0.369)  norm(S2=15.3,S1=17.9)  best=43.9%  (172s)
[FedProtoProj_IID_1shot] Round  41/100  loss=1.4641  train_acc=33.9%  (173s)
[FedProtoProj_IID_1shot] Round  42/100  loss=1.4860  train_acc=33.0%  (174s)
[FedProtoProj_IID_1shot] Round  43/100  loss=1.4568  train_acc=35.5%  (172s)
[FedProtoProj_IID_1shot] Round  44/100  loss=1.4657  train_acc=34.2%  (172s)
[FedProtoProj_IID_1shot] Round  45/100  loss=1.4776  train_acc=34.1%  (173s)
[FedProtoProj_IID_1shot] Round  46/100  loss=1.4696  train_acc=33.4%  (173s)
[FedProtoProj_IID_1shot] Round  47/100  loss=1.4973  train_acc=32.5%  (172s)
[FedProtoProj_IID_1shot] Round  48/100  loss=1.4775  train_acc=34.6%  (173s)
[FedProtoProj_IID_1shot] Round  49/100  loss=1.4931  train_acc=33.0%  (173s)
[FedProtoProj_IID_1shot] Round  50/100  loss=1.4660  S2=41.7%  S1=39.0%  gap=2.7%  margin(S2=0.396,S1=0.368)  norm(S2=15.5,S1=16.0)  best=43.9%  (172s)
[FedProtoProj_IID_1shot] Round  51/100  loss=1.4526  train_acc=34.8%  (174s)
[FedProtoProj_IID_1shot] Round  52/100  loss=1.4820  train_acc=34.1%  (173s)
[FedProtoProj_IID_1shot] Round  53/100  loss=1.4811  train_acc=33.9%  (173s)
[FedProtoProj_IID_1shot] Round  54/100  loss=1.4899  train_acc=32.5%  (172s)
[FedProtoProj_IID_1shot] Round  55/100  loss=1.4836  train_acc=32.5%  (172s)
[FedProtoProj_IID_1shot] Round  56/100  loss=1.4345  train_acc=36.5%  (173s)
[FedProtoProj_IID_1shot] Round  57/100  loss=1.4479  train_acc=36.0%  (173s)
[FedProtoProj_IID_1shot] Round  58/100  loss=1.4852  train_acc=33.2%  (175s)
[FedProtoProj_IID_1shot] Round  59/100  loss=1.4518  train_acc=34.8%  (173s)
[FedProtoProj_IID_1shot] Round  60/100  loss=1.4872  S2=45.4%  S1=38.0%  gap=7.4%  margin(S2=0.409,S1=0.371)  norm(S2=14.8,S1=14.3)  best=43.9%  (174s)
[FedProtoProj_IID_1shot] Round  61/100  loss=1.4747  train_acc=34.3%  (173s)
[FedProtoProj_IID_1shot] Round  62/100  loss=1.4726  train_acc=33.5%  (172s)
[FedProtoProj_IID_1shot] Round  63/100  loss=1.4751  train_acc=33.3%  (172s)
[FedProtoProj_IID_1shot] Round  64/100  loss=1.4743  train_acc=34.7%  (172s)
[FedProtoProj_IID_1shot] Round  65/100  loss=1.4548  train_acc=34.3%  (172s)
[FedProtoProj_IID_1shot] Round  66/100  loss=1.4476  train_acc=34.6%  (173s)
[FedProtoProj_IID_1shot] Round  67/100  loss=1.4937  train_acc=32.5%  (173s)
[FedProtoProj_IID_1shot] Round  68/100  loss=1.4788  train_acc=33.7%  (171s)
[FedProtoProj_IID_1shot] Round  69/100  loss=1.4820  train_acc=34.4%  (171s)
[FedProtoProj_IID_1shot] Round  70/100  loss=1.4629  S2=40.9%  S1=40.9%  gap=0.0%  margin(S2=0.411,S1=0.394)  norm(S2=16.1,S1=14.5)  best=43.9%  (172s)
[FedProtoProj_IID_1shot] Round  71/100  loss=1.4805  train_acc=34.7%  (171s)
[FedProtoProj_IID_1shot] Round  72/100  loss=1.4742  train_acc=34.7%  (172s)
[FedProtoProj_IID_1shot] Round  73/100  loss=1.4773  train_acc=33.6%  (172s)
[FedProtoProj_IID_1shot] Round  74/100  loss=1.4473  train_acc=34.3%  (172s)
[FedProtoProj_IID_1shot] Round  75/100  loss=1.4560  train_acc=34.8%  (172s)
[FedProtoProj_IID_1shot] Round  76/100  loss=1.4842  train_acc=33.6%  (173s)
[FedProtoProj_IID_1shot] Round  77/100  loss=1.4714  train_acc=33.8%  (173s)
[FedProtoProj_IID_1shot] Round  78/100  loss=1.4721  train_acc=33.0%  (172s)
[FedProtoProj_IID_1shot] Round  79/100  loss=1.4818  train_acc=32.5%  (172s)
[FedProtoProj_IID_1shot] Round  80/100  loss=1.4622  S2=43.1%  S1=38.0%  gap=5.1%  margin(S2=0.403,S1=0.361)  norm(S2=15.4,S1=14.8)  best=43.9%  (172s)
[FedProtoProj_IID_1shot] Round  81/100  loss=1.4510  train_acc=35.8%  (171s)
[FedProtoProj_IID_1shot] Round  82/100  loss=1.4623  train_acc=34.4%  (170s)
[FedProtoProj_IID_1shot] Round  83/100  loss=1.4550  train_acc=34.8%  (171s)
[FedProtoProj_IID_1shot] Round  84/100  loss=1.5023  train_acc=33.3%  (171s)
[FedProtoProj_IID_1shot] Round  85/100  loss=1.4651  train_acc=34.3%  (192s)
[FedProtoProj_IID_1shot] Round  86/100  loss=1.4714  train_acc=32.9%  (173s)
[FedProtoProj_IID_1shot] Round  87/100  loss=1.5079  train_acc=33.5%  (172s)
[FedProtoProj_IID_1shot] Round  88/100  loss=1.4638  train_acc=34.8%  (172s)
[FedProtoProj_IID_1shot] Round  89/100  loss=1.4640  train_acc=34.7%  (174s)
[FedProtoProj_IID_1shot] Round  90/100  loss=1.4560  S2=43.0%  S1=36.2%  gap=6.9%  margin(S2=0.412,S1=0.360)  norm(S2=13.7,S1=14.7)  best=43.9%  (172s)
[FedProtoProj_IID_1shot] Round  91/100  loss=1.4650  train_acc=33.6%  (172s)
[FedProtoProj_IID_1shot] Round  92/100  loss=1.4745  train_acc=33.9%  (171s)
[FedProtoProj_IID_1shot] Round  93/100  loss=1.4340  train_acc=36.3%  (172s)
[FedProtoProj_IID_1shot] Round  94/100  loss=1.4651  train_acc=33.8%  (172s)
[FedProtoProj_IID_1shot] Round  95/100  loss=1.4520  train_acc=35.2%  (173s)
[FedProtoProj_IID_1shot] Round  96/100  loss=1.4640  train_acc=36.2%  (173s)
[FedProtoProj_IID_1shot] Round  97/100  loss=1.4799  train_acc=34.0%  (173s)
[FedProtoProj_IID_1shot] Round  98/100  loss=1.4748  train_acc=32.8%  (173s)
[FedProtoProj_IID_1shot] Round  99/100  loss=1.4538  train_acc=34.3%  (172s)
[FedProtoProj_IID_1shot] Round 100/100  loss=1.4640  S2=42.3%  S1=36.1%  gap=6.2%  margin(S2=0.403,S1=0.341)  norm(S2=17.5,S1=11.0)  best=43.9%  (171s)

[FedProtoProj_IID_1shot] Loading best model (val_avg=43.90%) for final test
[FedProtoProj_IID_1shot] Test → {'S2': {'mean': 41.99666761855284, 'ci': 0.5627859351386093, 'str': '42.00 ± 0.56', 'per_client': [{'client_idx': 0, 'mean': 42.51777875920137, 'ci': 0.5962423059966543, 'str': '42.52 ± 0.60'}, {'client_idx': 1, 'mean': 42.27555656929811, 'ci': 0.7640788491723365, 'str': '42.28 ± 0.76'}, {'client_idx': 2, 'mean': 42.65555652230978, 'ci': 0.7276119459436836, 'str': '42.66 ± 0.73'}, {'client_idx': 3, 'mean': 40.53777862340212, 'ci': 0.6639671898213035, 'str': '40.54 ± 0.66'}]}, 'S1': {'mean': 34.57055628858507, 'ci': 0.49820817413777396, 'str': '34.57 ± 0.50', 'per_client': [{'client_idx': 0, 'mean': 37.28666750341654, 'ci': 0.6940009834750194, 'str': '37.29 ± 0.69'}, {'client_idx': 1, 'mean': 35.957778533299766, 'ci': 0.6755521354348341, 'str': '35.96 ± 0.68'}, {'client_idx': 2, 'mean': 30.451111709078152, 'ci': 0.6514332821279535, 'str': '30.45 ± 0.65'}, {'client_idx': 3, 'mean': 34.586667408545814, 'ci': 0.6592855472860315, 'str': '34.59 ± 0.66'}]}}
Result saved → /home/vscode/FedCM-FSL/output/results/FedProtoProj_IID_1shot/FedProtoProj_IID_1shot.pkl

============================================================
                    EXPERIMENT COMPLETE                     
============================================================
ID: FedProtoProj_IID_1shot
S2 Accuracy: 42.00 ± 0.56
S1 Accuracy: 34.57 ± 0.50
