nohup: ignoring input
Initializing Experiment | Mode: federated | Scenario: IID | Device: cuda
Train: 17,511  Val: 4,237  Test: 3,914
  Dropping 1 sparse class(es) (< 20 samples): ['Pastures']
  Dropping 1 sparse class(es) (< 20 samples): ['Pastures']
  Dropping 1 sparse class(es) (< 20 samples): ['Pastures']
  Dropping 1 sparse class(es) (< 20 samples): ['Pastures']
  Dropping 1 sparse class(es) (< 20 samples): ['Pastures']
Built 4 S2 clients, 4 S1 clients
[FedCMFSL_IID_5shot] Round   1/100  loss=1.6096  S2=     skip  S1=     skip  best=0.00%  no_improve= 0  (142s)
[FedCMFSL_IID_5shot] Round   2/100  loss=1.5856  S2=     skip  S1=     skip  best=0.00%  no_improve= 0  (142s)
[FedCMFSL_IID_5shot] Round   3/100  loss=1.4934  S2=     skip  S1=     skip  best=0.00%  no_improve= 0  (142s)
[FedCMFSL_IID_5shot] Round   4/100  loss=1.4706  S2=     skip  S1=     skip  best=0.00%  no_improve= 0  (142s)
[FedCMFSL_IID_5shot] Round   5/100  loss=1.4992  S2=     skip  S1=     skip  best=0.00%  no_improve= 0  (143s)
[FedCMFSL_IID_5shot] Round   6/100  loss=1.4751  S2=     skip  S1=     skip  best=0.00%  no_improve= 0  (141s)
[FedCMFSL_IID_5shot] Round   7/100  loss=1.4116  S2=     skip  S1=     skip  best=0.00%  no_improve= 0  (141s)
[FedCMFSL_IID_5shot] Round   8/100  loss=1.4408  S2=     skip  S1=     skip  best=0.00%  no_improve= 0  (141s)
[FedCMFSL_IID_5shot] Round   9/100  loss=1.4425  S2=     skip  S1=     skip  best=0.00%  no_improve= 0  (140s)
[FedCMFSL_IID_5shot] Round  10/100  loss=1.3811  S2=   53.42%  S1=   50.70%  best=52.06%  no_improve= 0  (139s)
[FedCMFSL_IID_5shot] Round  11/100  loss=1.3958  S2=     skip  S1=     skip  best=52.06%  no_improve= 0  (145s)
[FedCMFSL_IID_5shot] Round  12/100  loss=1.3940  S2=     skip  S1=     skip  best=52.06%  no_improve= 0  (144s)
[FedCMFSL_IID_5shot] Round  13/100  loss=1.3944  S2=     skip  S1=     skip  best=52.06%  no_improve= 0  (144s)
[FedCMFSL_IID_5shot] Round  14/100  loss=1.3848  S2=     skip  S1=     skip  best=52.06%  no_improve= 0  (142s)
[FedCMFSL_IID_5shot] Round  15/100  loss=1.3866  S2=     skip  S1=     skip  best=52.06%  no_improve= 0  (140s)
[FedCMFSL_IID_5shot] Round  16/100  loss=1.3754  S2=     skip  S1=     skip  best=52.06%  no_improve= 0  (139s)
[FedCMFSL_IID_5shot] Round  17/100  loss=1.3637  S2=     skip  S1=     skip  best=52.06%  no_improve= 0  (141s)
[FedCMFSL_IID_5shot] Round  18/100  loss=1.4105  S2=     skip  S1=     skip  best=52.06%  no_improve= 0  (141s)
[FedCMFSL_IID_5shot] Round  19/100  loss=1.3946  S2=     skip  S1=     skip  best=52.06%  no_improve= 0  (138s)
[FedCMFSL_IID_5shot] Round  20/100  loss=1.3784  S2=   51.79%  S1=   49.02%  best=52.06%  no_improve=10  (138s)
[FedCMFSL_IID_5shot] Round  21/100  loss=1.3767  S2=     skip  S1=     skip  best=52.06%  no_improve=10  (140s)
[FedCMFSL_IID_5shot] Round  22/100  loss=1.3254  S2=     skip  S1=     skip  best=52.06%  no_improve=10  (140s)
[FedCMFSL_IID_5shot] Round  23/100  loss=1.3669  S2=     skip  S1=     skip  best=52.06%  no_improve=10  (139s)
[FedCMFSL_IID_5shot] Round  24/100  loss=1.3152  S2=     skip  S1=     skip  best=52.06%  no_improve=10  (141s)
[FedCMFSL_IID_5shot] Round  25/100  loss=1.3227  S2=     skip  S1=     skip  best=52.06%  no_improve=10  (140s)
[FedCMFSL_IID_5shot] Round  26/100  loss=1.3443  S2=     skip  S1=     skip  best=52.06%  no_improve=10  (139s)
[FedCMFSL_IID_5shot] Round  27/100  loss=1.3610  S2=     skip  S1=     skip  best=52.06%  no_improve=10  (139s)
[FedCMFSL_IID_5shot] Round  28/100  loss=1.3524  S2=     skip  S1=     skip  best=52.06%  no_improve=10  (138s)
[FedCMFSL_IID_5shot] Round  29/100  loss=1.3022  S2=     skip  S1=     skip  best=52.06%  no_improve=10  (138s)
[FedCMFSL_IID_5shot] Round  30/100  loss=1.3716  S2=   53.41%  S1=   48.42%  best=52.06%  no_improve=20  (138s)
[FedCMFSL_IID_5shot] Round  31/100  loss=1.3231  S2=     skip  S1=     skip  best=52.06%  no_improve=20  (137s)
[FedCMFSL_IID_5shot] Round  32/100  loss=1.3092  S2=     skip  S1=     skip  best=52.06%  no_improve=20  (137s)
[FedCMFSL_IID_5shot] Round  33/100  loss=1.3301  S2=     skip  S1=     skip  best=52.06%  no_improve=20  (142s)
[FedCMFSL_IID_5shot] Round  34/100  loss=1.3106  S2=     skip  S1=     skip  best=52.06%  no_improve=20  (138s)
[FedCMFSL_IID_5shot] Round  35/100  loss=1.3171  S2=     skip  S1=     skip  best=52.06%  no_improve=20  (139s)
[FedCMFSL_IID_5shot] Round  36/100  loss=1.2938  S2=     skip  S1=     skip  best=52.06%  no_improve=20  (138s)
[FedCMFSL_IID_5shot] Round  37/100  loss=1.3187  S2=     skip  S1=     skip  best=52.06%  no_improve=20  (137s)
[FedCMFSL_IID_5shot] Round  38/100  loss=1.3315  S2=     skip  S1=     skip  best=52.06%  no_improve=20  (139s)
[FedCMFSL_IID_5shot] Round  39/100  loss=1.2784  S2=     skip  S1=     skip  best=52.06%  no_improve=20  (139s)
[FedCMFSL_IID_5shot] Round  40/100  loss=1.2981  S2=   52.06%  S1=   48.04%  best=52.06%  no_improve=30  (138s)
[FedCMFSL_IID_5shot] Round  41/100  loss=1.3331  S2=     skip  S1=     skip  best=52.06%  no_improve=30  (136s)
[FedCMFSL_IID_5shot] Round  42/100  loss=1.2949  S2=     skip  S1=     skip  best=52.06%  no_improve=30  (141s)
[FedCMFSL_IID_5shot] Round  43/100  loss=1.2664  S2=     skip  S1=     skip  best=52.06%  no_improve=30  (136s)
[FedCMFSL_IID_5shot] Round  44/100  loss=1.2894  S2=     skip  S1=     skip  best=52.06%  no_improve=30  (135s)
[FedCMFSL_IID_5shot] Round  45/100  loss=1.2987  S2=     skip  S1=     skip  best=52.06%  no_improve=30  (136s)
[FedCMFSL_IID_5shot] Round  46/100  loss=1.2961  S2=     skip  S1=     skip  best=52.06%  no_improve=30  (136s)
[FedCMFSL_IID_5shot] Round  47/100  loss=1.2783  S2=     skip  S1=     skip  best=52.06%  no_improve=30  (136s)
[FedCMFSL_IID_5shot] Round  48/100  loss=1.2287  S2=     skip  S1=     skip  best=52.06%  no_improve=30  (136s)
[FedCMFSL_IID_5shot] Round  49/100  loss=1.3005  S2=     skip  S1=     skip  best=52.06%  no_improve=30  (136s)
[FedCMFSL_IID_5shot] Round  50/100  loss=1.2562  S2=   49.30%  S1=   46.73%  best=52.06%  no_improve=40  (136s)
[FedCMFSL_IID_5shot] Round  51/100  loss=1.2526  S2=     skip  S1=     skip  best=52.06%  no_improve=40  (136s)
[FedCMFSL_IID_5shot] Round  52/100  loss=1.2735  S2=     skip  S1=     skip  best=52.06%  no_improve=40  (144s)
[FedCMFSL_IID_5shot] Round  53/100  loss=1.2781  S2=     skip  S1=     skip  best=52.06%  no_improve=40  (144s)
[FedCMFSL_IID_5shot] Round  54/100  loss=1.2344  S2=     skip  S1=     skip  best=52.06%  no_improve=40  (146s)
[FedCMFSL_IID_5shot] Round  55/100  loss=1.2665  S2=     skip  S1=     skip  best=52.06%  no_improve=40  (147s)
[FedCMFSL_IID_5shot] Round  56/100  loss=1.3007  S2=     skip  S1=     skip  best=52.06%  no_improve=40  (148s)
[FedCMFSL_IID_5shot] Round  57/100  loss=1.2682  S2=     skip  S1=     skip  best=52.06%  no_improve=40  (147s)
[FedCMFSL_IID_5shot] Round  58/100  loss=1.2632  S2=     skip  S1=     skip  best=52.06%  no_improve=40  (147s)
[FedCMFSL_IID_5shot] Round  59/100  loss=1.2916  S2=     skip  S1=     skip  best=52.06%  no_improve=40  (149s)
[FedCMFSL_IID_5shot] Round  60/100  loss=1.2435  S2=   53.22%  S1=   49.06%  best=52.06%  no_improve=50  (156s)
[FedCMFSL_IID_5shot] Round  61/100  loss=1.2633  S2=     skip  S1=     skip  best=52.06%  no_improve=50  (148s)
[FedCMFSL_IID_5shot] Round  62/100  loss=1.2499  S2=     skip  S1=     skip  best=52.06%  no_improve=50  (147s)
[FedCMFSL_IID_5shot] Round  63/100  loss=1.2350  S2=     skip  S1=     skip  best=52.06%  no_improve=50  (149s)
