nohup: ignoring input
Initializing Experiment | Mode: federated | Scenario: IID | Device: cuda
Train: 17,511  Val: 4,237  Test: 3,914
Built 4 S2 clients, 4 S1 clients
[FedProto_IID_1shot] Round   1/100  loss=1.6430  S2=33.6%  S1=35.7%  gap=2.1%  margin(S2=0.425,S1=0.365)  norm(S2=38.6,S1=43.6)  best=0.0%  (179s)
[FedProto_IID_1shot] Round   2/100  loss=1.6169  train_acc=32.0%  (173s)
[FedProto_IID_1shot] Round   3/100  loss=1.5685  train_acc=29.1%  (174s)
[FedProto_IID_1shot] Round   4/100  loss=1.5593  train_acc=31.4%  (171s)
[FedProto_IID_1shot] Round   5/100  loss=1.5563  train_acc=30.0%  (171s)
[FedProto_IID_1shot] Round   6/100  loss=1.5328  train_acc=33.5%  (171s)
[FedProto_IID_1shot] Round   7/100  loss=1.5320  train_acc=32.1%  (171s)
[FedProto_IID_1shot] Round   8/100  loss=1.5661  train_acc=31.2%  (172s)
[FedProto_IID_1shot] Round   9/100  loss=1.5251  train_acc=32.0%  (171s)
[FedProto_IID_1shot] Round  10/100  loss=1.5083  S2=43.0%  S1=42.2%  gap=0.9%  margin(S2=0.368,S1=0.338)  norm(S2=15.0,S1=14.1)  best=34.6%  (171s)
[FedProto_IID_1shot] Round  11/100  loss=1.5404  train_acc=32.2%  (171s)
[FedProto_IID_1shot] Round  12/100  loss=1.5200  train_acc=34.1%  (170s)
[FedProto_IID_1shot] Round  13/100  loss=1.5229  train_acc=34.1%  (171s)
[FedProto_IID_1shot] Round  14/100  loss=1.5423  train_acc=31.4%  (171s)
[FedProto_IID_1shot] Round  15/100  loss=1.5359  train_acc=33.0%  (171s)
[FedProto_IID_1shot] Round  16/100  loss=1.5221  train_acc=33.1%  (171s)
[FedProto_IID_1shot] Round  17/100  loss=1.5174  train_acc=35.1%  (170s)
[FedProto_IID_1shot] Round  18/100  loss=1.5386  train_acc=31.0%  (170s)
[FedProto_IID_1shot] Round  19/100  loss=1.5005  train_acc=34.8%  (171s)
[FedProto_IID_1shot] Round  20/100  loss=1.5083  S2=41.7%  S1=37.9%  gap=3.7%  margin(S2=0.390,S1=0.348)  norm(S2=16.3,S1=17.0)  best=42.6%  (172s)
[FedProto_IID_1shot] Round  21/100  loss=1.5127  train_acc=34.4%  (170s)
[FedProto_IID_1shot] Round  22/100  loss=1.5265  train_acc=32.6%  (170s)
[FedProto_IID_1shot] Round  23/100  loss=1.5387  train_acc=31.9%  (171s)
[FedProto_IID_1shot] Round  24/100  loss=1.5183  train_acc=33.3%  (170s)
[FedProto_IID_1shot] Round  25/100  loss=1.5304  train_acc=33.7%  (171s)
[FedProto_IID_1shot] Round  26/100  loss=1.5107  train_acc=33.2%  (170s)
[FedProto_IID_1shot] Round  27/100  loss=1.5270  train_acc=33.4%  (176s)
[FedProto_IID_1shot] Round  28/100  loss=1.4970  train_acc=34.4%  (170s)
[FedProto_IID_1shot] Round  29/100  loss=1.4912  train_acc=35.0%  (171s)
[FedProto_IID_1shot] Round  30/100  loss=1.5052  S2=41.2%  S1=40.9%  gap=0.3%  margin(S2=0.379,S1=0.338)  norm(S2=14.4,S1=15.7)  best=42.6%  (171s)
[FedProto_IID_1shot] Round  31/100  loss=1.5619  train_acc=30.7%  (168s)
[FedProto_IID_1shot] Round  32/100  loss=1.5264  train_acc=32.8%  (170s)
[FedProto_IID_1shot] Round  33/100  loss=1.5503  train_acc=30.7%  (170s)
[FedProto_IID_1shot] Round  34/100  loss=1.5044  train_acc=34.7%  (170s)
[FedProto_IID_1shot] Round  35/100  loss=1.5084  train_acc=33.5%  (171s)
[FedProto_IID_1shot] Round  36/100  loss=1.5210  train_acc=32.0%  (171s)
[FedProto_IID_1shot] Round  37/100  loss=1.5134  train_acc=31.8%  (171s)
[FedProto_IID_1shot] Round  38/100  loss=1.5160  train_acc=33.8%  (171s)
[FedProto_IID_1shot] Round  39/100  loss=1.5619  train_acc=29.9%  (171s)
[FedProto_IID_1shot] Round  40/100  loss=1.5090  S2=44.3%  S1=39.8%  gap=4.5%  margin(S2=0.392,S1=0.356)  norm(S2=13.4,S1=12.7)  best=42.6%  (171s)
[FedProto_IID_1shot] Round  41/100  loss=1.5290  train_acc=30.8%  (171s)
[FedProto_IID_1shot] Round  42/100  loss=1.5445  train_acc=30.7%  (195s)
[FedProto_IID_1shot] Round  43/100  loss=1.4912  train_acc=34.3%  (171s)
[FedProto_IID_1shot] Round  44/100  loss=1.5488  train_acc=31.0%  (170s)
[FedProto_IID_1shot] Round  45/100  loss=1.4984  train_acc=34.3%  (170s)
[FedProto_IID_1shot] Round  46/100  loss=1.5150  train_acc=32.5%  (170s)
[FedProto_IID_1shot] Round  47/100  loss=1.5536  train_acc=30.6%  (171s)
[FedProto_IID_1shot] Round  48/100  loss=1.4993  train_acc=35.0%  (172s)
[FedProto_IID_1shot] Round  49/100  loss=1.5341  train_acc=31.9%  (172s)
[FedProto_IID_1shot] Round  50/100  loss=1.5016  S2=44.2%  S1=39.8%  gap=4.4%  margin(S2=0.393,S1=0.339)  norm(S2=12.4,S1=15.5)  best=42.6%  (172s)
[FedProto_IID_1shot] Round  51/100  loss=1.5003  train_acc=33.6%  (170s)
[FedProto_IID_1shot] Round  52/100  loss=1.5013  train_acc=33.9%  (180s)
[FedProto_IID_1shot] Round  53/100  loss=1.5055  train_acc=33.3%  (171s)
[FedProto_IID_1shot] Round  54/100  loss=1.5183  train_acc=32.3%  (171s)
[FedProto_IID_1shot] Round  55/100  loss=1.4994  train_acc=33.8%  (171s)
[FedProto_IID_1shot] Round  56/100  loss=1.4999  train_acc=35.4%  (171s)
[FedProto_IID_1shot] Round  57/100  loss=1.5248  train_acc=32.8%  (171s)
[FedProto_IID_1shot] Round  58/100  loss=1.4942  train_acc=34.4%  (171s)
[FedProto_IID_1shot] Round  59/100  loss=1.4822  train_acc=33.9%  (170s)
[FedProto_IID_1shot] Round  60/100  loss=1.5133  S2=44.6%  S1=34.6%  gap=10.0%  margin(S2=0.412,S1=0.341)  norm(S2=12.7,S1=16.0)  best=42.6%  (170s)
[FedProto_IID_1shot] Round  61/100  loss=1.5095  train_acc=32.8%  (171s)
[FedProto_IID_1shot] Round  62/100  loss=1.4882  train_acc=34.7%  (171s)
[FedProto_IID_1shot] Round  63/100  loss=1.4902  train_acc=33.5%  (171s)
[FedProto_IID_1shot] Round  64/100  loss=1.5054  train_acc=33.4%  (171s)
[FedProto_IID_1shot] Round  65/100  loss=1.5159  train_acc=33.6%  (171s)
[FedProto_IID_1shot] Round  66/100  loss=1.5189  train_acc=32.4%  (171s)
[FedProto_IID_1shot] Round  67/100  loss=1.5157  train_acc=33.7%  (172s)
[FedProto_IID_1shot] Round  68/100  loss=1.5102  train_acc=33.9%  (171s)
[FedProto_IID_1shot] Round  69/100  loss=1.5046  train_acc=34.7%  (171s)
[FedProto_IID_1shot] Round  70/100  loss=1.4910  S2=40.7%  S1=37.5%  gap=3.1%  margin(S2=0.359,S1=0.334)  norm(S2=11.7,S1=13.2)  best=42.6%  (171s)
[FedProto_IID_1shot] Round  71/100  loss=1.5333  train_acc=31.7%  (170s)
[FedProto_IID_1shot] Round  72/100  loss=1.5235  train_acc=31.7%  (169s)
[FedProto_IID_1shot] Round  73/100  loss=1.5173  train_acc=32.0%  (170s)
[FedProto_IID_1shot] Round  74/100  loss=1.5206  train_acc=32.5%  (170s)
[FedProto_IID_1shot] Round  75/100  loss=1.5221  train_acc=32.6%  (170s)
[FedProto_IID_1shot] Round  76/100  loss=1.5316  train_acc=31.0%  (168s)
[FedProto_IID_1shot] Round  77/100  loss=1.5090  train_acc=33.3%  (168s)
[FedProto_IID_1shot] Round  78/100  loss=1.5144  train_acc=33.0%  (168s)
[FedProto_IID_1shot] Round  79/100  loss=1.5102  train_acc=31.9%  (169s)
[FedProto_IID_1shot] Round  80/100  loss=1.5067  S2=39.7%  S1=36.6%  gap=3.1%  margin(S2=0.386,S1=0.322)  norm(S2=12.1,S1=10.4)  best=42.6%  (170s)
[FedProto_IID_1shot] Round  81/100  loss=1.5020  train_acc=33.7%  (169s)
[FedProto_IID_1shot] Round  82/100  loss=1.4958  train_acc=32.6%  (169s)
[FedProto_IID_1shot] Round  83/100  loss=1.5119  train_acc=32.4%  (169s)
[FedProto_IID_1shot] Round  84/100  loss=1.4848  train_acc=33.4%  (170s)
[FedProto_IID_1shot] Round  85/100  loss=1.4885  train_acc=33.3%  (169s)
[FedProto_IID_1shot] Round  86/100  loss=1.5119  train_acc=31.9%  (169s)
[FedProto_IID_1shot] Round  87/100  loss=1.5198  train_acc=32.6%  (170s)
[FedProto_IID_1shot] Round  88/100  loss=1.5157  train_acc=32.9%  (169s)
[FedProto_IID_1shot] Round  89/100  loss=1.5051  train_acc=32.6%  (169s)
[FedProto_IID_1shot] Round  90/100  loss=1.5086  S2=43.6%  S1=37.0%  gap=6.7%  margin(S2=0.383,S1=0.329)  norm(S2=12.0,S1=9.2)  best=42.6%  (170s)
[FedProto_IID_1shot] Round  91/100  loss=1.4944  train_acc=34.7%  (169s)
[FedProto_IID_1shot] Round  92/100  loss=1.5279  train_acc=33.0%  (170s)
[FedProto_IID_1shot] Round  93/100  loss=1.5198  train_acc=33.9%  (170s)
[FedProto_IID_1shot] Round  94/100  loss=1.5064  train_acc=32.9%  (171s)
[FedProto_IID_1shot] Round  95/100  loss=1.4819  train_acc=34.9%  (170s)
[FedProto_IID_1shot] Round  96/100  loss=1.5163  train_acc=31.7%  (169s)
[FedProto_IID_1shot] Round  97/100  loss=1.5390  train_acc=32.5%  (169s)
[FedProto_IID_1shot] Round  98/100  loss=1.5216  train_acc=32.4%  (169s)
[FedProto_IID_1shot] Round  99/100  loss=1.4957  train_acc=34.5%  (169s)
[FedProto_IID_1shot] Round 100/100  loss=1.4909  S2=44.1%  S1=40.3%  gap=3.8%  margin(S2=0.413,S1=0.314)  norm(S2=11.6,S1=10.9)  best=42.6%  (170s)

[FedProto_IID_1shot] Loading best model (val_avg=42.60%) for final test
[FedProto_IID_1shot] Test → {'S2': {'mean': 36.46000080959251, 'ci': 0.5300768543893867, 'str': '36.46 ± 0.53', 'per_client': [{'client_idx': 0, 'mean': 36.11555636922518, 'ci': 0.6499197488526746, 'str': '36.12 ± 0.65'}, {'client_idx': 1, 'mean': 39.25555643439293, 'ci': 0.7517587920289391, 'str': '39.26 ± 0.75'}, {'client_idx': 2, 'mean': 36.38444523264965, 'ci': 0.6822963507294815, 'str': '36.38 ± 0.68'}, {'client_idx': 3, 'mean': 34.084445202102266, 'ci': 0.6289457628058149, 'str': '34.08 ± 0.63'}]}, 'S1': {'mean': 36.92055640245477, 'ci': 0.5406757504305454, 'str': '36.92 ± 0.54', 'per_client': [{'client_idx': 0, 'mean': 39.542223113278546, 'ci': 0.6666600654095015, 'str': '39.54 ± 0.67'}, {'client_idx': 1, 'mean': 36.96000085026026, 'ci': 0.7054515936736703, 'str': '36.96 ± 0.71'}, {'client_idx': 2, 'mean': 31.911111796895664, 'ci': 0.6148485601690519, 'str': '31.91 ± 0.61'}, {'client_idx': 3, 'mean': 39.26888984938463, 'ci': 0.6965430859584377, 'str': '39.27 ± 0.70'}]}}
Result saved → /home/vscode/FedCM-FSL/output/results/FedProto_IID_1shot/FedProto_IID_1shot.pkl

============================================================
                    EXPERIMENT COMPLETE                     
============================================================
ID: FedProto_IID_1shot
S2 Accuracy: 36.46 ± 0.53
S1 Accuracy: 36.92 ± 0.54
