nohup: ignoring input
Initializing Experiment | Mode: federated | Scenario: IID | Device: cuda
Train: 17,511  Val: 4,237  Test: 3,914
Built 4 S2 clients, 4 S1 clients
[FedCMFSL_IID_1shot] Round   1/100  loss=3.0449  S2=34.1%  S1=42.0%  gap=7.8%  margin(S2=0.229,S1=0.229)  norm(S2=0.9,S1=0.9)  best=0.0%  (111s)
[FedCMFSL_IID_1shot] Round   2/100  loss=3.2508  train_acc=29.2%  (116s)
[FedCMFSL_IID_1shot] Round   3/100  loss=2.5194  train_acc=31.1%  (114s)
[FedCMFSL_IID_1shot] Round   4/100  loss=2.2489  train_acc=29.4%  (114s)
[FedCMFSL_IID_1shot] Round   5/100  loss=1.9567  train_acc=29.9%  (114s)
[FedCMFSL_IID_1shot] Round   6/100  loss=1.7187  train_acc=32.5%  (114s)
[FedCMFSL_IID_1shot] Round   7/100  loss=1.7073  train_acc=31.1%  (114s)
[FedCMFSL_IID_1shot] Round   8/100  loss=1.6089  train_acc=31.8%  (111s)
[FedCMFSL_IID_1shot] Round   9/100  loss=1.6200  train_acc=32.9%  (111s)
[FedCMFSL_IID_1shot] Round  10/100  loss=1.5903  S2=45.2%  S1=42.5%  gap=2.6%  margin(S2=0.273,S1=0.240)  norm(S2=0.9,S1=0.9)  best=38.1%  (113s)
[FedCMFSL_IID_1shot] Round  11/100  loss=1.6095  train_acc=32.2%  (113s)
[FedCMFSL_IID_1shot] Round  12/100  loss=1.6995  train_acc=27.2%  (111s)
[FedCMFSL_IID_1shot] Round  13/100  loss=1.5942  train_acc=31.3%  (113s)
[FedCMFSL_IID_1shot] Round  14/100  loss=1.5924  train_acc=31.0%  (113s)
[FedCMFSL_IID_1shot] Round  15/100  loss=1.5484  train_acc=33.5%  (114s)
[FedCMFSL_IID_1shot] Round  16/100  loss=1.5504  train_acc=33.9%  (112s)
[FedCMFSL_IID_1shot] Round  17/100  loss=1.5701  train_acc=32.7%  (112s)
[FedCMFSL_IID_1shot] Round  18/100  loss=1.5334  train_acc=32.5%  (110s)
[FedCMFSL_IID_1shot] Round  19/100  loss=1.5364  train_acc=33.0%  (108s)
[FedCMFSL_IID_1shot] Round  20/100  loss=1.5250  S2=45.1%  S1=41.8%  gap=3.3%  margin(S2=0.300,S1=0.265)  norm(S2=1.0,S1=1.0)  best=43.9%  (107s)
[FedCMFSL_IID_1shot] Round  21/100  loss=1.5502  train_acc=33.1%  (113s)
[FedCMFSL_IID_1shot] Round  22/100  loss=1.5037  train_acc=33.2%  (112s)
[FedCMFSL_IID_1shot] Round  23/100  loss=1.6118  train_acc=28.8%  (111s)
[FedCMFSL_IID_1shot] Round  24/100  loss=1.5139  train_acc=34.0%  (110s)
[FedCMFSL_IID_1shot] Round  25/100  loss=1.5573  train_acc=30.7%  (112s)
[FedCMFSL_IID_1shot] Round  26/100  loss=1.5434  train_acc=32.7%  (111s)
[FedCMFSL_IID_1shot] Round  27/100  loss=1.5213  train_acc=32.4%  (113s)
[FedCMFSL_IID_1shot] Round  28/100  loss=1.5099  train_acc=33.1%  (113s)
[FedCMFSL_IID_1shot] Round  29/100  loss=1.5357  train_acc=32.4%  (113s)
[FedCMFSL_IID_1shot] Round  30/100  loss=1.5554  S2=46.2%  S1=41.8%  gap=4.4%  margin(S2=0.283,S1=0.244)  norm(S2=1.0,S1=1.0)  best=43.9%  (113s)
[FedCMFSL_IID_1shot] Round  31/100  loss=1.5350  train_acc=33.6%  (112s)
[FedCMFSL_IID_1shot] Round  32/100  loss=1.4822  train_acc=34.6%  (114s)
[FedCMFSL_IID_1shot] Round  33/100  loss=1.5375  train_acc=31.8%  (113s)
[FedCMFSL_IID_1shot] Round  34/100  loss=1.4798  train_acc=36.3%  (111s)
[FedCMFSL_IID_1shot] Round  35/100  loss=1.5489  train_acc=33.9%  (110s)
[FedCMFSL_IID_1shot] Round  36/100  loss=1.5088  train_acc=32.2%  (107s)
[FedCMFSL_IID_1shot] Round  37/100  loss=1.5037  train_acc=34.6%  (107s)
[FedCMFSL_IID_1shot] Round  38/100  loss=1.4458  train_acc=35.5%  (108s)
[FedCMFSL_IID_1shot] Round  39/100  loss=1.5273  train_acc=35.0%  (110s)
[FedCMFSL_IID_1shot] Round  40/100  loss=1.5075  S2=44.7%  S1=42.1%  gap=2.6%  margin(S2=0.269,S1=0.232)  norm(S2=1.0,S1=1.0)  best=44.0%  (111s)
[FedCMFSL_IID_1shot] Round  41/100  loss=1.5251  train_acc=31.8%  (109s)
[FedCMFSL_IID_1shot] Round  42/100  loss=1.4969  train_acc=33.4%  (107s)
[FedCMFSL_IID_1shot] Round  43/100  loss=1.5275  train_acc=33.4%  (108s)
[FedCMFSL_IID_1shot] Round  44/100  loss=1.4887  train_acc=34.3%  (110s)
[FedCMFSL_IID_1shot] Round  45/100  loss=1.5355  train_acc=34.8%  (109s)
[FedCMFSL_IID_1shot] Round  46/100  loss=1.4786  train_acc=35.4%  (109s)
[FedCMFSL_IID_1shot] Round  47/100  loss=1.4848  train_acc=36.1%  (111s)
[FedCMFSL_IID_1shot] Round  48/100  loss=1.5040  train_acc=34.3%  (112s)
[FedCMFSL_IID_1shot] Round  49/100  loss=1.5425  train_acc=32.1%  (112s)
[FedCMFSL_IID_1shot] Round  50/100  loss=1.5260  S2=45.5%  S1=41.4%  gap=4.1%  margin(S2=0.283,S1=0.251)  norm(S2=1.0,S1=1.0)  best=44.0%  (112s)
[FedCMFSL_IID_1shot] Round  51/100  loss=1.4942  train_acc=33.8%  (117s)
[FedCMFSL_IID_1shot] Round  52/100  loss=1.4868  train_acc=34.2%  (118s)
[FedCMFSL_IID_1shot] Round  53/100  loss=1.4886  train_acc=33.7%  (117s)
[FedCMFSL_IID_1shot] Round  54/100  loss=1.5111  train_acc=32.9%  (117s)
[FedCMFSL_IID_1shot] Round  55/100  loss=1.4742  train_acc=34.3%  (117s)
[FedCMFSL_IID_1shot] Round  56/100  loss=1.5327  train_acc=33.7%  (117s)
[FedCMFSL_IID_1shot] Round  57/100  loss=1.5010  train_acc=33.4%  (117s)
[FedCMFSL_IID_1shot] Round  58/100  loss=1.4757  train_acc=34.6%  (117s)
[FedCMFSL_IID_1shot] Round  59/100  loss=1.4800  train_acc=36.1%  (117s)
[FedCMFSL_IID_1shot] Round  60/100  loss=1.4776  S2=45.7%  S1=41.3%  gap=4.4%  margin(S2=0.265,S1=0.241)  norm(S2=1.0,S1=1.0)  best=44.0%  (117s)
[FedCMFSL_IID_1shot] Round  61/100  loss=1.4726  train_acc=36.0%  (112s)
[FedCMFSL_IID_1shot] Round  62/100  loss=1.5052  train_acc=32.6%  (112s)
[FedCMFSL_IID_1shot] Round  63/100  loss=1.5104  train_acc=32.6%  (112s)
[FedCMFSL_IID_1shot] Round  64/100  loss=1.5085  train_acc=33.0%  (112s)
[FedCMFSL_IID_1shot] Round  65/100  loss=1.4918  train_acc=33.2%  (112s)
[FedCMFSL_IID_1shot] Round  66/100  loss=1.4692  train_acc=34.8%  (112s)
[FedCMFSL_IID_1shot] Round  67/100  loss=1.4321  train_acc=35.8%  (112s)
[FedCMFSL_IID_1shot] Round  68/100  loss=1.5017  train_acc=32.5%  (112s)
[FedCMFSL_IID_1shot] Round  69/100  loss=1.4891  train_acc=34.1%  (112s)
[FedCMFSL_IID_1shot] Round  70/100  loss=1.5017  S2=43.0%  S1=43.3%  gap=0.3%  margin(S2=0.282,S1=0.233)  norm(S2=1.0,S1=1.0)  best=44.0%  (112s)
[FedCMFSL_IID_1shot] Round  71/100  loss=1.4751  train_acc=34.2%  (111s)
[FedCMFSL_IID_1shot] Round  72/100  loss=1.4569  train_acc=35.3%  (112s)
[FedCMFSL_IID_1shot] Round  73/100  loss=1.4398  train_acc=37.6%  (111s)
[FedCMFSL_IID_1shot] Round  74/100  loss=1.4838  train_acc=35.5%  (112s)
[FedCMFSL_IID_1shot] Round  75/100  loss=1.4649  train_acc=37.2%  (111s)
[FedCMFSL_IID_1shot] Round  76/100  loss=1.5276  train_acc=32.6%  (111s)
[FedCMFSL_IID_1shot] Round  77/100  loss=1.4685  train_acc=36.0%  (110s)
[FedCMFSL_IID_1shot] Round  78/100  loss=1.5066  train_acc=34.3%  (117s)
[FedCMFSL_IID_1shot] Round  79/100  loss=1.4565  train_acc=37.0%  (113s)
[FedCMFSL_IID_1shot] Round  80/100  loss=1.4688  S2=42.9%  S1=41.0%  gap=1.9%  margin(S2=0.314,S1=0.228)  norm(S2=1.0,S1=1.0)  best=44.0%  (112s)
[FedCMFSL_IID_1shot] Round  81/100  loss=1.4684  train_acc=35.4%  (110s)
[FedCMFSL_IID_1shot] Round  82/100  loss=1.4728  train_acc=34.7%  (112s)
[FedCMFSL_IID_1shot] Round  83/100  loss=1.4208  train_acc=38.0%  (112s)
[FedCMFSL_IID_1shot] Round  84/100  loss=1.4851  train_acc=33.3%  (110s)
[FedCMFSL_IID_1shot] Round  85/100  loss=1.4756  train_acc=36.4%  (108s)
[FedCMFSL_IID_1shot] Round  86/100  loss=1.4816  train_acc=34.9%  (107s)
[FedCMFSL_IID_1shot] Round  87/100  loss=1.4176  train_acc=40.0%  (108s)
[FedCMFSL_IID_1shot] Round  88/100  loss=1.4653  train_acc=34.6%  (107s)
[FedCMFSL_IID_1shot] Round  89/100  loss=1.4528  train_acc=34.8%  (106s)
[FedCMFSL_IID_1shot] Round  90/100  loss=1.4900  S2=44.0%  S1=42.9%  gap=1.1%  margin(S2=0.320,S1=0.232)  norm(S2=1.0,S1=1.0)  best=44.0%  (109s)
[FedCMFSL_IID_1shot] Round  91/100  loss=1.4632  train_acc=36.6%  (111s)
[FedCMFSL_IID_1shot] Round  92/100  loss=1.4606  train_acc=36.7%  (110s)
[FedCMFSL_IID_1shot] Round  93/100  loss=1.5230  train_acc=31.4%  (112s)
[FedCMFSL_IID_1shot] Round  94/100  loss=1.5154  train_acc=33.7%  (110s)
[FedCMFSL_IID_1shot] Round  95/100  loss=1.4978  train_acc=34.6%  (111s)
[FedCMFSL_IID_1shot] Round  96/100  loss=1.5041  train_acc=33.5%  (111s)
[FedCMFSL_IID_1shot] Round  97/100  loss=1.4799  train_acc=36.4%  (113s)
[FedCMFSL_IID_1shot] Round  98/100  loss=1.4982  train_acc=34.4%  (112s)
[FedCMFSL_IID_1shot] Round  99/100  loss=1.4974  train_acc=34.9%  (114s)
[FedCMFSL_IID_1shot] Round 100/100  loss=1.4810  S2=44.9%  S1=42.1%  gap=2.8%  margin(S2=0.289,S1=0.244)  norm(S2=1.0,S1=1.0)  best=44.0%  (111s)

[FedCMFSL_IID_1shot] Loading best model (val_avg=44.01%) for final test
[FedCMFSL_IID_1shot] Test → {'S2': {'mean': 42.886112136766315, 'ci': 0.6378742143143121, 'str': '42.89 ± 0.64', 'per_client': [{'client_idx': 0, 'mean': 41.942223193744816, 'ci': 0.7643581235234799, 'str': '41.94 ± 0.76'}, {'client_idx': 1, 'mean': 43.63777887324492, 'ci': 0.7080520594710334, 'str': '43.64 ± 0.71'}, {'client_idx': 2, 'mean': 43.566667668521404, 'ci': 0.7215727587330409, 'str': '43.57 ± 0.72'}, {'client_idx': 3, 'mean': 42.39777881155411, 'ci': 0.7278940003576327, 'str': '42.40 ± 0.73'}]}, 'S1': {'mean': 34.46222293563187, 'ci': 0.49704683210381595, 'str': '34.46 ± 0.50', 'per_client': [{'client_idx': 0, 'mean': 36.833334085841976, 'ci': 0.6637132975767992, 'str': '36.83 ± 0.66'}, {'client_idx': 1, 'mean': 35.24222297221422, 'ci': 0.6751420201078084, 'str': '35.24 ± 0.68'}, {'client_idx': 2, 'mean': 31.80222286780675, 'ci': 0.5996415167669857, 'str': '31.80 ± 0.60'}, {'client_idx': 3, 'mean': 33.97111181666454, 'ci': 0.6275586179496793, 'str': '33.97 ± 0.63'}]}}
Result saved → /home/vscode/FedCM-FSL/output/results/FedCMFSL_IID_1shot/FedCMFSL_IID_1shot.pkl

============================================================
                    EXPERIMENT COMPLETE                     
============================================================
ID: FedCMFSL_IID_1shot
S2 Accuracy: 42.89 ± 0.64
S1 Accuracy: 34.46 ± 0.50
