nohup: ignoring input
Initializing Experiment | Mode: federated | Scenario: IID | Device: cuda
Train: 17,511  Val: 4,237  Test: 3,914
Built 4 S2 clients, 4 S1 clients
[FedCMFSL_IID_1shot] Round   1/100  loss=1.6951  S2=34.6%  S1=38.8%  gap=4.3%  margin(S2=0.388,S1=0.411)  norm(S2=34.3,S1=38.1)  best=0.0%  (150s)
[FedCMFSL_IID_1shot] Round   2/100  loss=1.5551  train_acc=28.1%  (111s)
[FedCMFSL_IID_1shot] Round   3/100  loss=1.5548  train_acc=29.6%  (111s)
[FedCMFSL_IID_1shot] Round   4/100  loss=1.5429  train_acc=30.2%  (110s)
[FedCMFSL_IID_1shot] Round   5/100  loss=1.5361  train_acc=32.1%  (110s)
[FedCMFSL_IID_1shot] Round   6/100  loss=1.5415  train_acc=30.4%  (110s)
[FedCMFSL_IID_1shot] Round   7/100  loss=1.5219  train_acc=31.6%  (110s)
[FedCMFSL_IID_1shot] Round   8/100  loss=1.4953  train_acc=32.4%  (111s)
[FedCMFSL_IID_1shot] Round   9/100  loss=1.4936  train_acc=32.9%  (110s)
[FedCMFSL_IID_1shot] Round  10/100  loss=1.4997  S2=40.8%  S1=40.7%  gap=0.1%  margin(S2=0.420,S1=0.389)  norm(S2=17.1,S1=17.5)  best=36.7%  (111s)
[FedCMFSL_IID_1shot] Round  11/100  loss=1.5392  train_acc=31.5%  (110s)
[FedCMFSL_IID_1shot] Round  12/100  loss=1.5296  train_acc=30.9%  (109s)
[FedCMFSL_IID_1shot] Round  13/100  loss=1.5228  train_acc=30.4%  (109s)
[FedCMFSL_IID_1shot] Round  14/100  loss=1.5301  train_acc=31.3%  (109s)
[FedCMFSL_IID_1shot] Round  15/100  loss=1.5042  train_acc=31.4%  (108s)
[FedCMFSL_IID_1shot] Round  16/100  loss=1.5166  train_acc=31.2%  (113s)
[FedCMFSL_IID_1shot] Round  17/100  loss=1.4927  train_acc=31.5%  (122s)
[FedCMFSL_IID_1shot] Round  18/100  loss=1.4914  train_acc=32.3%  (117s)
[FedCMFSL_IID_1shot] Round  19/100  loss=1.4895  train_acc=33.2%  (117s)
[FedCMFSL_IID_1shot] Round  20/100  loss=1.5257  S2=41.9%  S1=36.5%  gap=5.5%  margin(S2=0.415,S1=0.380)  norm(S2=15.9,S1=15.7)  best=40.8%  (117s)
[FedCMFSL_IID_1shot] Round  21/100  loss=1.5323  train_acc=31.8%  (118s)
[FedCMFSL_IID_1shot] Round  22/100  loss=1.5093  train_acc=33.6%  (118s)
[FedCMFSL_IID_1shot] Round  23/100  loss=1.5128  train_acc=30.7%  (118s)
[FedCMFSL_IID_1shot] Round  24/100  loss=1.5164  train_acc=32.0%  (116s)
[FedCMFSL_IID_1shot] Round  25/100  loss=1.5092  train_acc=32.8%  (116s)
[FedCMFSL_IID_1shot] Round  26/100  loss=1.5065  train_acc=32.1%  (114s)
[FedCMFSL_IID_1shot] Round  27/100  loss=1.4836  train_acc=34.5%  (114s)
[FedCMFSL_IID_1shot] Round  28/100  loss=1.4945  train_acc=32.6%  (111s)
[FedCMFSL_IID_1shot] Round  29/100  loss=1.5111  train_acc=29.8%  (111s)
[FedCMFSL_IID_1shot] Round  30/100  loss=1.4854  S2=40.4%  S1=39.4%  gap=1.0%  margin(S2=0.416,S1=0.365)  norm(S2=16.1,S1=17.3)  best=40.8%  (111s)
[FedCMFSL_IID_1shot] Round  31/100  loss=1.4930  train_acc=31.8%  (111s)
[FedCMFSL_IID_1shot] Round  32/100  loss=1.5057  train_acc=33.0%  (110s)
[FedCMFSL_IID_1shot] Round  33/100  loss=1.4976  train_acc=32.6%  (110s)
[FedCMFSL_IID_1shot] Round  34/100  loss=1.4909  train_acc=33.8%  (110s)
[FedCMFSL_IID_1shot] Round  35/100  loss=1.4797  train_acc=34.6%  (110s)
[FedCMFSL_IID_1shot] Round  36/100  loss=1.4963  train_acc=33.2%  (109s)
[FedCMFSL_IID_1shot] Round  37/100  loss=1.4725  train_acc=34.7%  (109s)
[FedCMFSL_IID_1shot] Round  38/100  loss=1.4505  train_acc=34.1%  (108s)
[FedCMFSL_IID_1shot] Round  39/100  loss=1.5505  train_acc=29.9%  (109s)
[FedCMFSL_IID_1shot] Round  40/100  loss=1.5028  S2=43.2%  S1=38.5%  gap=4.7%  margin(S2=0.435,S1=0.364)  norm(S2=15.2,S1=16.2)  best=40.8%  (109s)
[FedCMFSL_IID_1shot] Round  41/100  loss=1.4932  train_acc=33.5%  (108s)
[FedCMFSL_IID_1shot] Round  42/100  loss=1.5017  train_acc=33.2%  (109s)
[FedCMFSL_IID_1shot] Round  43/100  loss=1.5302  train_acc=30.4%  (109s)
[FedCMFSL_IID_1shot] Round  44/100  loss=1.4911  train_acc=32.9%  (117s)
[FedCMFSL_IID_1shot] Round  45/100  loss=1.5150  train_acc=32.2%  (109s)
[FedCMFSL_IID_1shot] Round  46/100  loss=1.4706  train_acc=32.9%  (110s)
[FedCMFSL_IID_1shot] Round  47/100  loss=1.5183  train_acc=32.3%  (109s)
[FedCMFSL_IID_1shot] Round  48/100  loss=1.5391  train_acc=32.0%  (109s)
[FedCMFSL_IID_1shot] Round  49/100  loss=1.5351  train_acc=30.2%  (109s)
[FedCMFSL_IID_1shot] Round  50/100  loss=1.5058  S2=41.2%  S1=42.7%  gap=1.6%  margin(S2=0.377,S1=0.368)  norm(S2=16.2,S1=16.3)  best=40.8%  (109s)
[FedCMFSL_IID_1shot] Round  51/100  loss=1.4917  train_acc=33.5%  (109s)
[FedCMFSL_IID_1shot] Round  52/100  loss=1.4938  train_acc=32.5%  (109s)
[FedCMFSL_IID_1shot] Round  53/100  loss=1.4886  train_acc=33.4%  (109s)
[FedCMFSL_IID_1shot] Round  54/100  loss=1.4835  train_acc=32.2%  (109s)
[FedCMFSL_IID_1shot] Round  55/100  loss=1.4823  train_acc=32.8%  (109s)
[FedCMFSL_IID_1shot] Round  56/100  loss=1.4816  train_acc=35.2%  (109s)
[FedCMFSL_IID_1shot] Round  57/100  loss=1.4795  train_acc=33.4%  (109s)
[FedCMFSL_IID_1shot] Round  58/100  loss=1.4858  train_acc=33.0%  (109s)
[FedCMFSL_IID_1shot] Round  59/100  loss=1.4540  train_acc=33.7%  (109s)
[FedCMFSL_IID_1shot] Round  60/100  loss=1.5290  S2=40.5%  S1=41.8%  gap=1.3%  margin(S2=0.442,S1=0.350)  norm(S2=15.1,S1=15.7)  best=42.0%  (109s)
[FedCMFSL_IID_1shot] Round  61/100  loss=1.4401  train_acc=35.1%  (109s)
[FedCMFSL_IID_1shot] Round  62/100  loss=1.4591  train_acc=33.7%  (109s)
[FedCMFSL_IID_1shot] Round  63/100  loss=1.4773  train_acc=33.7%  (109s)
[FedCMFSL_IID_1shot] Round  64/100  loss=1.4780  train_acc=32.9%  (109s)
[FedCMFSL_IID_1shot] Round  65/100  loss=1.4513  train_acc=35.6%  (109s)
[FedCMFSL_IID_1shot] Round  66/100  loss=1.4625  train_acc=33.7%  (109s)
[FedCMFSL_IID_1shot] Round  67/100  loss=1.4845  train_acc=32.7%  (109s)
[FedCMFSL_IID_1shot] Round  68/100  loss=1.4643  train_acc=33.3%  (120s)
[FedCMFSL_IID_1shot] Round  69/100  loss=1.4307  train_acc=37.0%  (110s)
[FedCMFSL_IID_1shot] Round  70/100  loss=1.4796  S2=41.7%  S1=38.1%  gap=3.6%  margin(S2=0.424,S1=0.370)  norm(S2=15.1,S1=16.9)  best=42.0%  (109s)
[FedCMFSL_IID_1shot] Round  71/100  loss=1.4414  train_acc=36.1%  (108s)
[FedCMFSL_IID_1shot] Round  72/100  loss=1.4917  train_acc=32.3%  (110s)
[FedCMFSL_IID_1shot] Round  73/100  loss=1.4586  train_acc=35.8%  (110s)
[FedCMFSL_IID_1shot] Round  74/100  loss=1.4777  train_acc=33.8%  (108s)
[FedCMFSL_IID_1shot] Round  75/100  loss=1.4843  train_acc=34.9%  (109s)
[FedCMFSL_IID_1shot] Round  76/100  loss=1.4684  train_acc=32.8%  (109s)
[FedCMFSL_IID_1shot] Round  77/100  loss=1.4853  train_acc=34.0%  (109s)
[FedCMFSL_IID_1shot] Round  78/100  loss=1.4931  train_acc=33.0%  (109s)
[FedCMFSL_IID_1shot] Round  79/100  loss=1.4614  train_acc=35.0%  (109s)
[FedCMFSL_IID_1shot] Round  80/100  loss=1.4799  S2=42.7%  S1=38.4%  gap=4.3%  margin(S2=0.431,S1=0.358)  norm(S2=14.4,S1=15.5)  best=42.0%  (109s)
[FedCMFSL_IID_1shot] Round  81/100  loss=1.5023  train_acc=32.2%  (109s)
[FedCMFSL_IID_1shot] Round  82/100  loss=1.4948  train_acc=33.0%  (109s)
[FedCMFSL_IID_1shot] Round  83/100  loss=1.4359  train_acc=36.7%  (109s)
[FedCMFSL_IID_1shot] Round  84/100  loss=1.4863  train_acc=34.1%  (108s)
[FedCMFSL_IID_1shot] Round  85/100  loss=1.4634  train_acc=34.2%  (109s)
[FedCMFSL_IID_1shot] Round  86/100  loss=1.4802  train_acc=33.9%  (109s)
[FedCMFSL_IID_1shot] Round  87/100  loss=1.4957  train_acc=33.0%  (110s)
[FedCMFSL_IID_1shot] Round  88/100  loss=1.4671  train_acc=34.4%  (110s)
[FedCMFSL_IID_1shot] Round  89/100  loss=1.4408  train_acc=36.3%  (110s)
[FedCMFSL_IID_1shot] Round  90/100  loss=1.4698  S2=43.7%  S1=41.5%  gap=2.2%  margin(S2=0.435,S1=0.338)  norm(S2=16.7,S1=18.0)  best=42.0%  (110s)
[FedCMFSL_IID_1shot] Round  91/100  loss=1.4354  train_acc=36.2%  (110s)
[FedCMFSL_IID_1shot] Round  92/100  loss=1.5181  train_acc=30.9%  (110s)
[FedCMFSL_IID_1shot] Round  93/100  loss=1.4792  train_acc=31.7%  (110s)
[FedCMFSL_IID_1shot] Round  94/100  loss=1.4573  train_acc=35.8%  (109s)
[FedCMFSL_IID_1shot] Round  95/100  loss=1.4928  train_acc=32.7%  (110s)
[FedCMFSL_IID_1shot] Round  96/100  loss=1.4656  train_acc=35.4%  (110s)
[FedCMFSL_IID_1shot] Round  97/100  loss=1.4950  train_acc=33.1%  (109s)
[FedCMFSL_IID_1shot] Round  98/100  loss=1.4771  train_acc=33.5%  (110s)
[FedCMFSL_IID_1shot] Round  99/100  loss=1.4529  train_acc=33.7%  (110s)
[FedCMFSL_IID_1shot] Round 100/100  loss=1.4729  S2=42.1%  S1=39.8%  gap=2.3%  margin(S2=0.408,S1=0.340)  norm(S2=15.3,S1=14.5)  best=42.6%  (110s)

[FedCMFSL_IID_1shot] Loading best model (val_avg=42.63%) for final test
[FedCMFSL_IID_1shot] Test → {'S2': {'mean': 41.01222317541639, 'ci': 0.5088260331826435, 'str': '41.01 ± 0.51', 'per_client': [{'client_idx': 0, 'mean': 41.03555649270614, 'ci': 0.5942432842183571, 'str': '41.04 ± 0.59'}, {'client_idx': 1, 'mean': 42.48888989041249, 'ci': 0.6317407841458573, 'str': '42.49 ± 0.63'}, {'client_idx': 2, 'mean': 40.64666759222746, 'ci': 0.7454729863923578, 'str': '40.65 ± 0.75'}, {'client_idx': 3, 'mean': 39.87777872631947, 'ci': 0.6851658525306037, 'str': '39.88 ± 0.69'}]}, 'S1': {'mean': 33.842778504515685, 'ci': 0.4213163209945709, 'str': '33.84 ± 0.42', 'per_client': [{'client_idx': 0, 'mean': 30.682222850620747, 'ci': 0.6340127093162794, 'str': '30.68 ± 0.63'}, {'client_idx': 1, 'mean': 30.077778433760006, 'ci': 0.6062513923435193, 'str': '30.08 ± 0.61'}, {'client_idx': 2, 'mean': 33.117778512338795, 'ci': 0.6508214399090155, 'str': '33.12 ± 0.65'}, {'client_idx': 3, 'mean': 41.4933342213432, 'ci': 0.7009246210528018, 'str': '41.49 ± 0.70'}]}}
Result saved → /home/vscode/FedCM-FSL/output/results/FedCMFSL_IID_1shot/FedCMFSL_IID_1shot.pkl

============================================================
                    EXPERIMENT COMPLETE                     
============================================================
ID: FedCMFSL_IID_1shot
S2 Accuracy: 41.01 ± 0.51
S1 Accuracy: 33.84 ± 0.42
